{"channel":"sunbird","env":"local.sunbird.portal","level":"info","message":{"msg":"CDN index file exist: false"},"pdata":{"id":"local.sunbird.portal","pid":"sunbird-portal-backend","ver":"4.10.0"},"timestamp":"2024-02-28 10:19:51"}
{"channel":"sunbird","env":"local.sunbird.portal","level":"info","message":{"msg":"CDN index file exist: false"},"pdata":{"id":"local.sunbird.portal","pid":"sunbird-portal-backend","ver":"4.10.0"},"timestamp":"2024-02-28 10:19:59"}
{"channel":"sunbird","env":"local.sunbird.portal","level":"info","message":{"msg":"CDN index file exist: false"},"pdata":{"id":"local.sunbird.portal","pid":"sunbird-portal-backend","ver":"4.10.0"},"timestamp":"2024-02-28 10:20:32"}
{"channel":"sunbird","env":"local.sunbird.portal","level":"info","message":{"msg":"CDN index file exist: false"},"pdata":{"id":"local.sunbird.portal","pid":"sunbird-portal-backend","ver":"4.10.0"},"timestamp":"2024-02-28 10:23:15"}
{"channel":"sunbird","env":"local.sunbird.portal","level":"info","message":{"msg":"CDN index file exist: false"},"pdata":{"id":"local.sunbird.portal","pid":"sunbird-portal-backend","ver":"4.10.0"},"timestamp":"2024-02-28 10:23:35"}
{"channel":"sunbird","env":"local.sunbird.portal","level":"info","message":{"msg":"CDN index file exist: false"},"pdata":{"id":"local.sunbird.portal","pid":"sunbird-portal-backend","ver":"4.10.0"},"timestamp":"2024-02-28 10:24:17"}
{"channel":"sunbird","env":"local.sunbird.portal","level":"info","message":{"msg":"CDN index file exist: false"},"pdata":{"id":"local.sunbird.portal","pid":"sunbird-portal-backend","ver":"4.10.0"},"timestamp":"2024-02-28 10:24:44"}
{"channel":"sunbird","env":"local.sunbird.portal","level":"info","message":{"msg":"CDN index file exist: false"},"pdata":{"id":"local.sunbird.portal","pid":"sunbird-portal-backend","ver":"4.10.0"},"timestamp":"2024-02-28 10:25:16"}
{"channel":"sunbird","env":"local.sunbird.portal","level":"info","message":{"msg":"CDN index file exist: false"},"pdata":{"id":"local.sunbird.portal","pid":"sunbird-portal-backend","ver":"4.10.0"},"timestamp":"2024-02-28 10:27:03"}
{"channel":"sunbird","env":"local.sunbird.portal","level":"info","message":{"msg":"CDN index file exist: false"},"pdata":{"id":"local.sunbird.portal","pid":"sunbird-portal-backend","ver":"4.10.0"},"timestamp":"2024-02-28 10:27:48"}
{"channel":"sunbird","env":"local.sunbird.portal","level":"info","message":{"msg":"CDN index file exist: false"},"pdata":{"id":"local.sunbird.portal","pid":"sunbird-portal-backend","ver":"4.10.0"},"timestamp":"2024-02-28 10:28:23"}
{"channel":"sunbird","env":"local.sunbird.portal","level":"info","message":{"msg":"CDN index file exist: false"},"pdata":{"id":"local.sunbird.portal","pid":"sunbird-portal-backend","ver":"4.10.0"},"timestamp":"2024-02-28 10:28:49"}
{"channel":"sunbird","env":"local.sunbird.portal","level":"info","message":{"msg":"CDN index file exist: false"},"pdata":{"id":"local.sunbird.portal","pid":"sunbird-portal-backend","ver":"4.10.0"},"timestamp":"2024-02-28 10:36:56"}
{"channel":"sunbird","env":"local.sunbird.portal","level":"info","message":{"msg":"CDN index file exist: false"},"pdata":{"id":"local.sunbird.portal","pid":"sunbird-portal-backend","ver":"4.10.0"},"timestamp":"2024-02-28 10:38:24"}
{"channel":"sunbird","env":"local.sunbird.portal","level":"info","message":{"msg":"CDN index file exist: false"},"pdata":{"id":"local.sunbird.portal","pid":"sunbird-portal-backend","ver":"4.10.0"},"timestamp":"2024-02-28 10:38:38"}
{"channel":"sunbird","env":"local.sunbird.portal","level":"info","message":{"msg":"CDN index file exist: false"},"pdata":{"id":"local.sunbird.portal","pid":"sunbird-portal-backend","ver":"4.10.0"},"timestamp":"2024-02-28 10:39:07"}
{"channel":"sunbird","env":"local.sunbird.portal","level":"info","message":{"msg":"CDN index file exist: false"},"pdata":{"id":"local.sunbird.portal","pid":"sunbird-portal-backend","ver":"4.10.0"},"timestamp":"2024-02-28 10:39:53"}
{"channel":"sunbird","env":"local.sunbird.portal","level":"info","message":{"msg":"CDN index file exist: false"},"pdata":{"id":"local.sunbird.portal","pid":"sunbird-portal-backend","ver":"4.10.0"},"timestamp":"2024-02-28 10:40:06"}
{"channel":"sunbird","env":"local.sunbird.portal","level":"info","message":{"msg":"CDN index file exist: false"},"pdata":{"id":"local.sunbird.portal","pid":"sunbird-portal-backend","ver":"4.10.0"},"timestamp":"2024-02-28 10:40:48"}
{"channel":"sunbird","env":"local.sunbird.portal","level":"info","message":{"msg":"CDN index file exist: false"},"pdata":{"id":"local.sunbird.portal","pid":"sunbird-portal-backend","ver":"4.10.0"},"timestamp":"2024-02-28 10:41:03"}
{"channel":"sunbird","env":"local.sunbird.portal","level":"info","message":{"msg":"KONG_TOKEN bearer_token_logged_in :: token not requested due to flag set to undefined using default fallback token","originalUrl":"/contents?auth_callback=1&state=c90b28c6-81f9-4886-89b7-c3551aff7083&session_state=9ba8f632-1241-44b2-afa4-92c9f1ab1233&code=7890ac4b-eeaf-460d-8422-53f5cf61a87e.9ba8f632-1241-44b2-afa4-92c9f1ab1233.8c12290d-d62f-48ce-913b-c93bf995ca59","route":"/contents","sessionId":"dxd0HeWAdGZR2alD8vKg8vnnGNVxFehW"},"pdata":{"id":"local.sunbird.portal","pid":"sunbird-portal-backend","ver":"4.10.0"},"timestamp":"2024-02-28 10:41:14"}
{"channel":"sunbird","env":"local.sunbird.portal","level":"info","message":{"msg":"KONG_TOKEN refresh_token :: token not requested due to flag set to undefined","originalUrl":"/contents?auth_callback=1&state=c90b28c6-81f9-4886-89b7-c3551aff7083&session_state=9ba8f632-1241-44b2-afa4-92c9f1ab1233&code=7890ac4b-eeaf-460d-8422-53f5cf61a87e.9ba8f632-1241-44b2-afa4-92c9f1ab1233.8c12290d-d62f-48ce-913b-c93bf995ca59","route":"/contents","sessionId":"dxd0HeWAdGZR2alD8vKg8vnnGNVxFehW"},"pdata":{"id":"local.sunbird.portal","pid":"sunbird-portal-backend","ver":"4.10.0"},"timestamp":"2024-02-28 10:41:14"}
{"channel":"sunbird","env":"local.sunbird.portal","level":"info","message":{"msg":"getCurrentUserRoles :: Session data set success","session":{"orgs":["0130701891041689600"],"roles":["CONTENT_CREATOR","PUBLIC","ANONYMOUS"],"rootOrgId":"0130701891041689600","userId":"5d757783-a86a-40cd-a814-1b6a16d37cb6","userSid":"dxd0HeWAdGZR2alD8vKg8vnnGNVxFehW"}},"pdata":{"id":"local.sunbird.portal","pid":"sunbird-portal-backend","ver":"4.10.0"},"timestamp":"2024-02-28 10:41:14"}
{"channel":"sunbird","env":"local.sunbird.portal","level":"info","message":{"msg":"keycloack authenticated successfully"},"pdata":{"id":"local.sunbird.portal","pid":"sunbird-portal-backend","ver":"4.10.0"},"timestamp":"2024-02-28 10:41:14"}
{"channel":"sunbird","env":"local.sunbird.portal","level":"info","message":{"additionalInfo":{"PORTAL_CDN_URL":"","cdnIndexFileExist":false},"msg":"cdn parameters:"},"pdata":{"id":"local.sunbird.portal","pid":"sunbird-portal-backend","ver":"4.10.0"},"timestamp":"2024-02-28 10:41:14"}
{"channel":"sunbird","env":"local.sunbird.portal","level":"info","message":{"msg":"CDN index file exist: false"},"pdata":{"id":"local.sunbird.portal","pid":"sunbird-portal-backend","ver":"4.10.0"},"timestamp":"2024-02-28 10:42:39"}
{"channel":"sunbird","env":"local.sunbird.portal","level":"info","message":{"msg":"KONG_TOKEN bearer_token_logged_in :: token not requested due to flag set to undefined using default fallback token","originalUrl":"/contents?auth_callback=1&state=33f03618-6ece-4a3a-8dec-298fda3d7ec0&session_state=9ba8f632-1241-44b2-afa4-92c9f1ab1233&code=ce244b8b-a80c-47c7-ad65-7cfab9b60945.9ba8f632-1241-44b2-afa4-92c9f1ab1233.8c12290d-d62f-48ce-913b-c93bf995ca59","route":"/contents","sessionId":"ePtmQ7LLDZnHGWoTNsiRC-yQ9wx0psRU"},"pdata":{"id":"local.sunbird.portal","pid":"sunbird-portal-backend","ver":"4.10.0"},"timestamp":"2024-02-28 10:42:51"}
{"channel":"sunbird","env":"local.sunbird.portal","level":"info","message":{"msg":"KONG_TOKEN refresh_token :: token not requested due to flag set to undefined","originalUrl":"/contents?auth_callback=1&state=33f03618-6ece-4a3a-8dec-298fda3d7ec0&session_state=9ba8f632-1241-44b2-afa4-92c9f1ab1233&code=ce244b8b-a80c-47c7-ad65-7cfab9b60945.9ba8f632-1241-44b2-afa4-92c9f1ab1233.8c12290d-d62f-48ce-913b-c93bf995ca59","route":"/contents","sessionId":"ePtmQ7LLDZnHGWoTNsiRC-yQ9wx0psRU"},"pdata":{"id":"local.sunbird.portal","pid":"sunbird-portal-backend","ver":"4.10.0"},"timestamp":"2024-02-28 10:42:51"}
{"channel":"sunbird","env":"local.sunbird.portal","level":"info","message":{"msg":"getCurrentUserRoles :: Session data set success","session":{"orgs":["0130701891041689600"],"roles":["CONTENT_CREATOR","PUBLIC","ANONYMOUS"],"rootOrgId":"0130701891041689600","userId":"5d757783-a86a-40cd-a814-1b6a16d37cb6","userSid":"ePtmQ7LLDZnHGWoTNsiRC-yQ9wx0psRU"}},"pdata":{"id":"local.sunbird.portal","pid":"sunbird-portal-backend","ver":"4.10.0"},"timestamp":"2024-02-28 10:42:52"}
{"channel":"sunbird","env":"local.sunbird.portal","level":"info","message":{"msg":"keycloack authenticated successfully"},"pdata":{"id":"local.sunbird.portal","pid":"sunbird-portal-backend","ver":"4.10.0"},"timestamp":"2024-02-28 10:42:52"}
{"channel":"sunbird","env":"local.sunbird.portal","level":"info","message":{"additionalInfo":{"PORTAL_CDN_URL":"","cdnIndexFileExist":false},"msg":"cdn parameters:"},"pdata":{"id":"local.sunbird.portal","pid":"sunbird-portal-backend","ver":"4.10.0"},"timestamp":"2024-02-28 10:42:52"}
{"channel":"sunbird","env":"local.sunbird.portal","level":"info","message":{"msg":"CDN index file exist: false"},"pdata":{"id":"local.sunbird.portal","pid":"sunbird-portal-backend","ver":"4.10.0"},"timestamp":"2024-02-28 10:43:41"}
{"channel":"sunbird","env":"local.sunbird.portal","level":"info","message":{"msg":"CDN index file exist: false"},"pdata":{"id":"local.sunbird.portal","pid":"sunbird-portal-backend","ver":"4.10.0"},"timestamp":"2024-02-28 10:44:10"}
{"channel":"sunbird","env":"local.sunbird.portal","level":"info","message":{"msg":"KONG_TOKEN bearer_token_logged_in :: token not requested due to flag set to undefined using default fallback token","originalUrl":"/contents?auth_callback=1&state=ffa55a12-2d21-411a-932c-b17d965d268c&session_state=9ba8f632-1241-44b2-afa4-92c9f1ab1233&code=01a49af8-2599-4a8b-91ad-13fcdf12e860.9ba8f632-1241-44b2-afa4-92c9f1ab1233.8c12290d-d62f-48ce-913b-c93bf995ca59","route":"/contents","sessionId":"RUftRqpHr7Lb_BiCV3biiAnrSL5HwV0j"},"pdata":{"id":"local.sunbird.portal","pid":"sunbird-portal-backend","ver":"4.10.0"},"timestamp":"2024-02-28 10:44:13"}
{"channel":"sunbird","env":"local.sunbird.portal","level":"info","message":{"msg":"KONG_TOKEN refresh_token :: token not requested due to flag set to undefined","originalUrl":"/contents?auth_callback=1&state=ffa55a12-2d21-411a-932c-b17d965d268c&session_state=9ba8f632-1241-44b2-afa4-92c9f1ab1233&code=01a49af8-2599-4a8b-91ad-13fcdf12e860.9ba8f632-1241-44b2-afa4-92c9f1ab1233.8c12290d-d62f-48ce-913b-c93bf995ca59","route":"/contents","sessionId":"RUftRqpHr7Lb_BiCV3biiAnrSL5HwV0j"},"pdata":{"id":"local.sunbird.portal","pid":"sunbird-portal-backend","ver":"4.10.0"},"timestamp":"2024-02-28 10:44:13"}
{"channel":"sunbird","env":"local.sunbird.portal","level":"info","message":{"msg":"getCurrentUserRoles :: Session data set success","session":{"orgs":["0130701891041689600"],"roles":["CONTENT_CREATOR","PUBLIC","ANONYMOUS"],"rootOrgId":"0130701891041689600","userId":"5d757783-a86a-40cd-a814-1b6a16d37cb6","userSid":"RUftRqpHr7Lb_BiCV3biiAnrSL5HwV0j"}},"pdata":{"id":"local.sunbird.portal","pid":"sunbird-portal-backend","ver":"4.10.0"},"timestamp":"2024-02-28 10:44:13"}
{"channel":"sunbird","env":"local.sunbird.portal","level":"info","message":{"msg":"keycloack authenticated successfully"},"pdata":{"id":"local.sunbird.portal","pid":"sunbird-portal-backend","ver":"4.10.0"},"timestamp":"2024-02-28 10:44:13"}
{"channel":"sunbird","env":"local.sunbird.portal","level":"info","message":{"additionalInfo":{"PORTAL_CDN_URL":"","cdnIndexFileExist":false},"msg":"cdn parameters:"},"pdata":{"id":"local.sunbird.portal","pid":"sunbird-portal-backend","ver":"4.10.0"},"timestamp":"2024-02-28 10:44:13"}
{"channel":"sunbird","env":"local.sunbird.portal","level":"info","message":{"msg":"CDN index file exist: false"},"pdata":{"id":"local.sunbird.portal","pid":"sunbird-portal-backend","ver":"4.10.0"},"timestamp":"2024-02-28 10:44:38"}
{"channel":"sunbird","env":"local.sunbird.portal","level":"info","message":{"msg":"KONG_TOKEN bearer_token_logged_in :: token not requested due to flag set to undefined using default fallback token","originalUrl":"/contents?auth_callback=1&state=d9d604a4-3511-499b-81d4-0beffa80ce7c&session_state=9ba8f632-1241-44b2-afa4-92c9f1ab1233&code=2657ca6c-e480-484c-b147-1fd2f41092cb.9ba8f632-1241-44b2-afa4-92c9f1ab1233.8c12290d-d62f-48ce-913b-c93bf995ca59","route":"/contents","sessionId":"u3f07wkRBRhBljtOrcpX_SGzKLDC3Jz8"},"pdata":{"id":"local.sunbird.portal","pid":"sunbird-portal-backend","ver":"4.10.0"},"timestamp":"2024-02-28 10:44:43"}
{"channel":"sunbird","env":"local.sunbird.portal","level":"info","message":{"msg":"KONG_TOKEN refresh_token :: token not requested due to flag set to undefined","originalUrl":"/contents?auth_callback=1&state=d9d604a4-3511-499b-81d4-0beffa80ce7c&session_state=9ba8f632-1241-44b2-afa4-92c9f1ab1233&code=2657ca6c-e480-484c-b147-1fd2f41092cb.9ba8f632-1241-44b2-afa4-92c9f1ab1233.8c12290d-d62f-48ce-913b-c93bf995ca59","route":"/contents","sessionId":"u3f07wkRBRhBljtOrcpX_SGzKLDC3Jz8"},"pdata":{"id":"local.sunbird.portal","pid":"sunbird-portal-backend","ver":"4.10.0"},"timestamp":"2024-02-28 10:44:43"}
{"channel":"sunbird","env":"local.sunbird.portal","level":"info","message":{"msg":"KONG_TOKEN bearer_token_logged_in :: token not requested due to flag set to undefined using default fallback token","originalUrl":"/contents?auth_callback=1&state=d35d70fe-6bb0-45fa-ab29-8356792a1a94&session_state=9ba8f632-1241-44b2-afa4-92c9f1ab1233&code=f9b7736a-aca0-4f50-8bcb-5a7617e483be.9ba8f632-1241-44b2-afa4-92c9f1ab1233.8c12290d-d62f-48ce-913b-c93bf995ca59","route":"/contents","sessionId":"u3f07wkRBRhBljtOrcpX_SGzKLDC3Jz8"},"pdata":{"id":"local.sunbird.portal","pid":"sunbird-portal-backend","ver":"4.10.0"},"timestamp":"2024-02-28 10:44:43"}
{"channel":"sunbird","env":"local.sunbird.portal","level":"info","message":{"msg":"KONG_TOKEN refresh_token :: token not requested due to flag set to undefined","originalUrl":"/contents?auth_callback=1&state=d35d70fe-6bb0-45fa-ab29-8356792a1a94&session_state=9ba8f632-1241-44b2-afa4-92c9f1ab1233&code=f9b7736a-aca0-4f50-8bcb-5a7617e483be.9ba8f632-1241-44b2-afa4-92c9f1ab1233.8c12290d-d62f-48ce-913b-c93bf995ca59","route":"/contents","sessionId":"u3f07wkRBRhBljtOrcpX_SGzKLDC3Jz8"},"pdata":{"id":"local.sunbird.portal","pid":"sunbird-portal-backend","ver":"4.10.0"},"timestamp":"2024-02-28 10:44:43"}
{"channel":"sunbird","env":"local.sunbird.portal","level":"info","message":{"msg":"getCurrentUserRoles :: Session data set success","session":{"orgs":["0130701891041689600"],"roles":["CONTENT_CREATOR","PUBLIC","ANONYMOUS"],"rootOrgId":"0130701891041689600","userId":"5d757783-a86a-40cd-a814-1b6a16d37cb6","userSid":"u3f07wkRBRhBljtOrcpX_SGzKLDC3Jz8"}},"pdata":{"id":"local.sunbird.portal","pid":"sunbird-portal-backend","ver":"4.10.0"},"timestamp":"2024-02-28 10:44:44"}
{"channel":"sunbird","env":"local.sunbird.portal","level":"info","message":{"msg":"keycloack authenticated successfully"},"pdata":{"id":"local.sunbird.portal","pid":"sunbird-portal-backend","ver":"4.10.0"},"timestamp":"2024-02-28 10:44:44"}
{"channel":"sunbird","env":"local.sunbird.portal","level":"info","message":{"msg":"getCurrentUserRoles :: Session data set success","session":{"orgs":["0130701891041689600"],"roles":["CONTENT_CREATOR","PUBLIC","ANONYMOUS"],"rootOrgId":"0130701891041689600","userId":"5d757783-a86a-40cd-a814-1b6a16d37cb6","userSid":"u3f07wkRBRhBljtOrcpX_SGzKLDC3Jz8"}},"pdata":{"id":"local.sunbird.portal","pid":"sunbird-portal-backend","ver":"4.10.0"},"timestamp":"2024-02-28 10:44:44"}
{"channel":"sunbird","env":"local.sunbird.portal","level":"info","message":{"msg":"keycloack authenticated successfully"},"pdata":{"id":"local.sunbird.portal","pid":"sunbird-portal-backend","ver":"4.10.0"},"timestamp":"2024-02-28 10:44:44"}
{"channel":"sunbird","env":"local.sunbird.portal","level":"info","message":{"additionalInfo":{"PORTAL_CDN_URL":"","cdnIndexFileExist":false},"msg":"cdn parameters:"},"pdata":{"id":"local.sunbird.portal","pid":"sunbird-portal-backend","ver":"4.10.0"},"timestamp":"2024-02-28 10:44:44"}
{"channel":"sunbird","env":"local.sunbird.portal","level":"info","message":{"msg":"CDN index file exist: false"},"pdata":{"id":"local.sunbird.portal","pid":"sunbird-portal-backend","ver":"4.10.0"},"timestamp":"2024-02-28 10:45:13"}
{"channel":"sunbird","env":"local.sunbird.portal","level":"info","message":{"msg":"CDN index file exist: false"},"pdata":{"id":"local.sunbird.portal","pid":"sunbird-portal-backend","ver":"4.10.0"},"timestamp":"2024-02-28 10:45:26"}
{"channel":"sunbird","env":"local.sunbird.portal","level":"info","message":{"msg":"CDN index file exist: false"},"pdata":{"id":"local.sunbird.portal","pid":"sunbird-portal-backend","ver":"4.10.0"},"timestamp":"2024-02-28 10:45:55"}
{"channel":"sunbird","env":"local.sunbird.portal","level":"info","message":{"msg":"CDN index file exist: false"},"pdata":{"id":"local.sunbird.portal","pid":"sunbird-portal-backend","ver":"4.10.0"},"timestamp":"2024-02-28 10:46:02"}
{"channel":"sunbird","env":"local.sunbird.portal","level":"info","message":{"msg":"KONG_TOKEN bearer_token_logged_in :: token not requested due to flag set to undefined using default fallback token","originalUrl":"/contents?auth_callback=1&state=53fc2489-a8a6-4cb8-8060-e1f69dba6d44&session_state=9ba8f632-1241-44b2-afa4-92c9f1ab1233&code=83950623-76e6-4da3-9e36-79e989a6fa2d.9ba8f632-1241-44b2-afa4-92c9f1ab1233.8c12290d-d62f-48ce-913b-c93bf995ca59","route":"/contents","sessionId":"s3RuclAq3Lb-fdek6Fzr2zZenk4bx-ey"},"pdata":{"id":"local.sunbird.portal","pid":"sunbird-portal-backend","ver":"4.10.0"},"timestamp":"2024-02-28 10:46:05"}
{"channel":"sunbird","env":"local.sunbird.portal","level":"info","message":{"msg":"KONG_TOKEN refresh_token :: token not requested due to flag set to undefined","originalUrl":"/contents?auth_callback=1&state=53fc2489-a8a6-4cb8-8060-e1f69dba6d44&session_state=9ba8f632-1241-44b2-afa4-92c9f1ab1233&code=83950623-76e6-4da3-9e36-79e989a6fa2d.9ba8f632-1241-44b2-afa4-92c9f1ab1233.8c12290d-d62f-48ce-913b-c93bf995ca59","route":"/contents","sessionId":"s3RuclAq3Lb-fdek6Fzr2zZenk4bx-ey"},"pdata":{"id":"local.sunbird.portal","pid":"sunbird-portal-backend","ver":"4.10.0"},"timestamp":"2024-02-28 10:46:05"}
{"channel":"sunbird","env":"local.sunbird.portal","level":"info","message":{"msg":"getCurrentUserRoles :: Session data set success","session":{"orgs":["0130701891041689600"],"roles":["CONTENT_CREATOR","PUBLIC","ANONYMOUS"],"rootOrgId":"0130701891041689600","userId":"5d757783-a86a-40cd-a814-1b6a16d37cb6","userSid":"s3RuclAq3Lb-fdek6Fzr2zZenk4bx-ey"}},"pdata":{"id":"local.sunbird.portal","pid":"sunbird-portal-backend","ver":"4.10.0"},"timestamp":"2024-02-28 10:46:05"}
{"channel":"sunbird","env":"local.sunbird.portal","level":"info","message":{"msg":"keycloack authenticated successfully"},"pdata":{"id":"local.sunbird.portal","pid":"sunbird-portal-backend","ver":"4.10.0"},"timestamp":"2024-02-28 10:46:05"}
{"channel":"sunbird","env":"local.sunbird.portal","level":"info","message":{"additionalInfo":{"PORTAL_CDN_URL":"","cdnIndexFileExist":false},"msg":"cdn parameters:"},"pdata":{"id":"local.sunbird.portal","pid":"sunbird-portal-backend","ver":"4.10.0"},"timestamp":"2024-02-28 10:46:05"}
{"channel":"sunbird","env":"local.sunbird.portal","level":"info","message":{"additionalInfo":{"PORTAL_CDN_URL":"","cdnIndexFileExist":false},"msg":"cdn parameters:"},"pdata":{"id":"local.sunbird.portal","pid":"sunbird-portal-backend","ver":"4.10.0"},"timestamp":"2024-02-28 10:47:53"}
{"channel":"sunbird","env":"local.sunbird.portal","level":"info","message":{"msg":"KONG_TOKEN bearer_token_logged_in :: token not requested due to flag set to undefined using default fallback token","originalUrl":"/contents?auth_callback=1&state=ec8c0b48-e25e-48fd-84ed-b6f7a7049e10&session_state=9ba8f632-1241-44b2-afa4-92c9f1ab1233&code=18c58def-e468-47a6-9324-b2d204ea3147.9ba8f632-1241-44b2-afa4-92c9f1ab1233.8c12290d-d62f-48ce-913b-c93bf995ca59","route":"/contents","sessionId":"Aj77yvq7VrVVthC7AQXuKndaJmXae-p2"},"pdata":{"id":"local.sunbird.portal","pid":"sunbird-portal-backend","ver":"4.10.0"},"timestamp":"2024-02-28 10:53:15"}
{"channel":"sunbird","env":"local.sunbird.portal","level":"info","message":{"msg":"KONG_TOKEN refresh_token :: token not requested due to flag set to undefined","originalUrl":"/contents?auth_callback=1&state=ec8c0b48-e25e-48fd-84ed-b6f7a7049e10&session_state=9ba8f632-1241-44b2-afa4-92c9f1ab1233&code=18c58def-e468-47a6-9324-b2d204ea3147.9ba8f632-1241-44b2-afa4-92c9f1ab1233.8c12290d-d62f-48ce-913b-c93bf995ca59","route":"/contents","sessionId":"Aj77yvq7VrVVthC7AQXuKndaJmXae-p2"},"pdata":{"id":"local.sunbird.portal","pid":"sunbird-portal-backend","ver":"4.10.0"},"timestamp":"2024-02-28 10:53:15"}
{"channel":"sunbird","env":"local.sunbird.portal","level":"info","message":{"msg":"getCurrentUserRoles :: Session data set success","session":{"orgs":["0130701891041689600"],"roles":["CONTENT_CREATOR","PUBLIC","ANONYMOUS"],"rootOrgId":"0130701891041689600","userId":"5d757783-a86a-40cd-a814-1b6a16d37cb6","userSid":"Aj77yvq7VrVVthC7AQXuKndaJmXae-p2"}},"pdata":{"id":"local.sunbird.portal","pid":"sunbird-portal-backend","ver":"4.10.0"},"timestamp":"2024-02-28 10:53:15"}
{"channel":"sunbird","env":"local.sunbird.portal","level":"info","message":{"msg":"keycloack authenticated successfully"},"pdata":{"id":"local.sunbird.portal","pid":"sunbird-portal-backend","ver":"4.10.0"},"timestamp":"2024-02-28 10:53:15"}
{"channel":"sunbird","env":"local.sunbird.portal","level":"info","message":{"additionalInfo":{"PORTAL_CDN_URL":"","cdnIndexFileExist":false},"msg":"cdn parameters:"},"pdata":{"id":"local.sunbird.portal","pid":"sunbird-portal-backend","ver":"4.10.0"},"timestamp":"2024-02-28 10:53:15"}
{"channel":"sunbird","env":"local.sunbird.portal","level":"info","message":{"msg":"CDN index file exist: false"},"pdata":{"id":"local.sunbird.portal","pid":"sunbird-portal-backend","ver":"4.10.0"},"timestamp":"2024-02-28 11:13:00"}
{"channel":"sunbird","env":"local.sunbird.portal","level":"info","message":{"msg":"CDN index file exist: false"},"pdata":{"id":"local.sunbird.portal","pid":"sunbird-portal-backend","ver":"4.10.0"},"timestamp":"2024-02-28 11:13:07"}
{"channel":"sunbird","env":"local.sunbird.portal","level":"info","message":{"msg":"CDN index file exist: false"},"pdata":{"id":"local.sunbird.portal","pid":"sunbird-portal-backend","ver":"4.10.0"},"timestamp":"2024-02-28 11:23:23"}
{"channel":"sunbird","env":"local.sunbird.portal","level":"info","message":{"msg":"CDN index file exist: false"},"pdata":{"id":"local.sunbird.portal","pid":"sunbird-portal-backend","ver":"4.10.0"},"timestamp":"2024-02-28 11:25:19"}
{"channel":"sunbird","env":"local.sunbird.portal","level":"info","message":{"msg":"CDN index file exist: false"},"pdata":{"id":"local.sunbird.portal","pid":"sunbird-portal-backend","ver":"4.10.0"},"timestamp":"2024-02-28 11:25:40"}
{"channel":"sunbird","env":"local.sunbird.portal","level":"info","message":{"msg":"CDN index file exist: false"},"pdata":{"id":"local.sunbird.portal","pid":"sunbird-portal-backend","ver":"4.10.0"},"timestamp":"2024-02-28 11:25:48"}
{"channel":"sunbird","env":"local.sunbird.portal","level":"info","message":{"msg":"CDN index file exist: false"},"pdata":{"id":"local.sunbird.portal","pid":"sunbird-portal-backend","ver":"4.10.0"},"timestamp":"2024-02-28 11:26:01"}
{"channel":"sunbird","env":"local.sunbird.portal","level":"info","message":{"msg":"CDN index file exist: false"},"pdata":{"id":"local.sunbird.portal","pid":"sunbird-portal-backend","ver":"4.10.0"},"timestamp":"2024-02-28 11:26:11"}
{"channel":"sunbird","env":"local.sunbird.portal","level":"info","message":{"msg":"CDN index file exist: false"},"pdata":{"id":"local.sunbird.portal","pid":"sunbird-portal-backend","ver":"4.10.0"},"timestamp":"2024-02-28 11:26:19"}
{"channel":"sunbird","env":"local.sunbird.portal","level":"info","message":{"msg":"CDN index file exist: false"},"pdata":{"id":"local.sunbird.portal","pid":"sunbird-portal-backend","ver":"4.10.0"},"timestamp":"2024-02-28 11:30:00"}
{"channel":"sunbird","env":"local.sunbird.portal","level":"info","message":{"msg":"CDN index file exist: false"},"pdata":{"id":"local.sunbird.portal","pid":"sunbird-portal-backend","ver":"4.10.0"},"timestamp":"2024-02-28 11:30:33"}
{"channel":"sunbird","env":"local.sunbird.portal","level":"info","message":{"msg":"CDN index file exist: false"},"pdata":{"id":"local.sunbird.portal","pid":"sunbird-portal-backend","ver":"4.10.0"},"timestamp":"2024-02-28 11:30:57"}
{"channel":"sunbird","env":"local.sunbird.portal","level":"info","message":{"msg":"CDN index file exist: false"},"pdata":{"id":"local.sunbird.portal","pid":"sunbird-portal-backend","ver":"4.10.0"},"timestamp":"2024-02-28 11:30:59"}
{"channel":"sunbird","env":"local.sunbird.portal","level":"info","message":{"msg":"CDN index file exist: false"},"pdata":{"id":"local.sunbird.portal","pid":"sunbird-portal-backend","ver":"4.10.0"},"timestamp":"2024-02-28 11:31:02"}
{"channel":"sunbird","env":"local.sunbird.portal","level":"info","message":{"msg":"CDN index file exist: false"},"pdata":{"id":"local.sunbird.portal","pid":"sunbird-portal-backend","ver":"4.10.0"},"timestamp":"2024-02-28 11:31:36"}
{"channel":"sunbird","env":"local.sunbird.portal","level":"info","message":{"msg":"CDN index file exist: false"},"pdata":{"id":"local.sunbird.portal","pid":"sunbird-portal-backend","ver":"4.10.0"},"timestamp":"2024-02-28 11:32:22"}
{"channel":"sunbird","env":"local.sunbird.portal","level":"info","message":{"msg":"CDN index file exist: false"},"pdata":{"id":"local.sunbird.portal","pid":"sunbird-portal-backend","ver":"4.10.0"},"timestamp":"2024-02-28 11:35:07"}
{"channel":"sunbird","env":"local.sunbird.portal","level":"info","message":{"msg":"CDN index file exist: false"},"pdata":{"id":"local.sunbird.portal","pid":"sunbird-portal-backend","ver":"4.10.0"},"timestamp":"2024-02-28 11:36:18"}
{"channel":"sunbird","env":"local.sunbird.portal","level":"info","message":{"msg":"CDN index file exist: false"},"pdata":{"id":"local.sunbird.portal","pid":"sunbird-portal-backend","ver":"4.10.0"},"timestamp":"2024-02-28 11:36:33"}
{"channel":"sunbird","env":"local.sunbird.portal","level":"info","message":{"msg":"CDN index file exist: false"},"pdata":{"id":"local.sunbird.portal","pid":"sunbird-portal-backend","ver":"4.10.0"},"timestamp":"2024-02-28 11:36:43"}
{"channel":"sunbird","env":"local.sunbird.portal","level":"info","message":{"msg":"CDN index file exist: false"},"pdata":{"id":"local.sunbird.portal","pid":"sunbird-portal-backend","ver":"4.10.0"},"timestamp":"2024-02-28 11:36:53"}
{"channel":"sunbird","env":"local.sunbird.portal","level":"info","message":{"msg":"CDN index file exist: false"},"pdata":{"id":"local.sunbird.portal","pid":"sunbird-portal-backend","ver":"4.10.0"},"timestamp":"2024-02-28 11:41:59"}
{"channel":"sunbird","env":"local.sunbird.portal","level":"info","message":{"msg":"CDN index file exist: false"},"pdata":{"id":"local.sunbird.portal","pid":"sunbird-portal-backend","ver":"4.10.0"},"timestamp":"2024-02-28 11:42:43"}
{"channel":"sunbird","env":"local.sunbird.portal","level":"info","message":{"msg":"CDN index file exist: false"},"pdata":{"id":"local.sunbird.portal","pid":"sunbird-portal-backend","ver":"4.10.0"},"timestamp":"2024-02-28 11:43:25"}
{"channel":"sunbird","env":"local.sunbird.portal","level":"info","message":{"msg":"CDN index file exist: false"},"pdata":{"id":"local.sunbird.portal","pid":"sunbird-portal-backend","ver":"4.10.0"},"timestamp":"2024-02-28 11:47:49"}
{"channel":"sunbird","env":"local.sunbird.portal","level":"info","message":{"msg":"CDN index file exist: false"},"pdata":{"id":"local.sunbird.portal","pid":"sunbird-portal-backend","ver":"4.10.0"},"timestamp":"2024-02-28 11:48:01"}
{"channel":"sunbird","env":"local.sunbird.portal","level":"info","message":{"msg":"CDN index file exist: false"},"pdata":{"id":"local.sunbird.portal","pid":"sunbird-portal-backend","ver":"4.10.0"},"timestamp":"2024-02-28 11:48:05"}
{"channel":"sunbird","env":"local.sunbird.portal","level":"info","message":{"msg":"CDN index file exist: false"},"pdata":{"id":"local.sunbird.portal","pid":"sunbird-portal-backend","ver":"4.10.0"},"timestamp":"2024-02-28 11:48:18"}
{"channel":"sunbird","env":"local.sunbird.portal","level":"info","message":{"msg":"CDN index file exist: false"},"pdata":{"id":"local.sunbird.portal","pid":"sunbird-portal-backend","ver":"4.10.0"},"timestamp":"2024-02-28 11:48:36"}
{"channel":"sunbird","env":"local.sunbird.portal","level":"info","message":{"msg":"CDN index file exist: false"},"pdata":{"id":"local.sunbird.portal","pid":"sunbird-portal-backend","ver":"4.10.0"},"timestamp":"2024-02-28 11:48:42"}
{"channel":"sunbird","env":"local.sunbird.portal","level":"info","message":{"msg":"CDN index file exist: false"},"pdata":{"id":"local.sunbird.portal","pid":"sunbird-portal-backend","ver":"4.10.0"},"timestamp":"2024-02-28 11:53:05"}
{"channel":"sunbird","env":"local.sunbird.portal","level":"info","message":{"msg":"CDN index file exist: false"},"pdata":{"id":"local.sunbird.portal","pid":"sunbird-portal-backend","ver":"4.10.0"},"timestamp":"2024-02-28 11:53:34"}
{"channel":"sunbird","env":"local.sunbird.portal","level":"info","message":{"msg":"CDN index file exist: false"},"pdata":{"id":"local.sunbird.portal","pid":"sunbird-portal-backend","ver":"4.10.0"},"timestamp":"2024-02-28 11:54:09"}
{"channel":"sunbird","env":"local.sunbird.portal","level":"info","message":{"msg":"CDN index file exist: false"},"pdata":{"id":"local.sunbird.portal","pid":"sunbird-portal-backend","ver":"4.10.0"},"timestamp":"2024-02-28 11:55:31"}
{"channel":"sunbird","env":"local.sunbird.portal","level":"info","message":{"msg":"CDN index file exist: false"},"pdata":{"id":"local.sunbird.portal","pid":"sunbird-portal-backend","ver":"4.10.0"},"timestamp":"2024-02-28 11:56:00"}
{"channel":"sunbird","env":"local.sunbird.portal","level":"info","message":{"msg":"CDN index file exist: false"},"pdata":{"id":"local.sunbird.portal","pid":"sunbird-portal-backend","ver":"4.10.0"},"timestamp":"2024-02-28 11:56:44"}
{"channel":"sunbird","env":"local.sunbird.portal","level":"info","message":{"msg":"CDN index file exist: false"},"pdata":{"id":"local.sunbird.portal","pid":"sunbird-portal-backend","ver":"4.10.0"},"timestamp":"2024-02-28 11:56:58"}
{"channel":"sunbird","env":"local.sunbird.portal","level":"info","message":{"msg":"CDN index file exist: false"},"pdata":{"id":"local.sunbird.portal","pid":"sunbird-portal-backend","ver":"4.10.0"},"timestamp":"2024-02-28 11:57:10"}
{"channel":"sunbird","env":"local.sunbird.portal","level":"info","message":{"msg":"CDN index file exist: false"},"pdata":{"id":"local.sunbird.portal","pid":"sunbird-portal-backend","ver":"4.10.0"},"timestamp":"2024-02-28 11:57:28"}
{"channel":"sunbird","env":"local.sunbird.portal","level":"info","message":{"msg":"CDN index file exist: false"},"pdata":{"id":"local.sunbird.portal","pid":"sunbird-portal-backend","ver":"4.10.0"},"timestamp":"2024-02-28 11:57:44"}
{"channel":"sunbird","env":"local.sunbird.portal","level":"info","message":{"msg":"CDN index file exist: false"},"pdata":{"id":"local.sunbird.portal","pid":"sunbird-portal-backend","ver":"4.10.0"},"timestamp":"2024-02-28 11:58:43"}
{"channel":"sunbird","env":"local.sunbird.portal","level":"info","message":{"msg":"CDN index file exist: false"},"pdata":{"id":"local.sunbird.portal","pid":"sunbird-portal-backend","ver":"4.10.0"},"timestamp":"2024-02-28 11:59:05"}
{"channel":"sunbird","env":"local.sunbird.portal","level":"info","message":{"msg":"CDN index file exist: false"},"pdata":{"id":"local.sunbird.portal","pid":"sunbird-portal-backend","ver":"4.10.0"},"timestamp":"2024-02-28 11:59:20"}
{"channel":"sunbird","env":"local.sunbird.portal","level":"info","message":{"msg":"CDN index file exist: false"},"pdata":{"id":"local.sunbird.portal","pid":"sunbird-portal-backend","ver":"4.10.0"},"timestamp":"2024-02-28 11:59:43"}
{"channel":"sunbird","env":"local.sunbird.portal","level":"info","message":{"msg":"CDN index file exist: false"},"pdata":{"id":"local.sunbird.portal","pid":"sunbird-portal-backend","ver":"4.10.0"},"timestamp":"2024-02-28 11:59:52"}
{"channel":"sunbird","env":"local.sunbird.portal","level":"info","message":{"msg":"CDN index file exist: false"},"pdata":{"id":"local.sunbird.portal","pid":"sunbird-portal-backend","ver":"4.10.0"},"timestamp":"2024-02-28 12:00:12"}
{"channel":"sunbird","env":"local.sunbird.portal","level":"info","message":{"msg":"CDN index file exist: false"},"pdata":{"id":"local.sunbird.portal","pid":"sunbird-portal-backend","ver":"4.10.0"},"timestamp":"2024-02-28 12:00:26"}
{"channel":"sunbird","env":"local.sunbird.portal","level":"info","message":{"msg":"CDN index file exist: false"},"pdata":{"id":"local.sunbird.portal","pid":"sunbird-portal-backend","ver":"4.10.0"},"timestamp":"2024-02-28 12:00:40"}
{"channel":"sunbird","env":"local.sunbird.portal","level":"info","message":{"msg":"CDN index file exist: false"},"pdata":{"id":"local.sunbird.portal","pid":"sunbird-portal-backend","ver":"4.10.0"},"timestamp":"2024-02-28 12:00:45"}
{"channel":"sunbird","env":"local.sunbird.portal","level":"info","message":{"msg":"CDN index file exist: false"},"pdata":{"id":"local.sunbird.portal","pid":"sunbird-portal-backend","ver":"4.10.0"},"timestamp":"2024-02-28 12:00:54"}
{"channel":"sunbird","env":"local.sunbird.portal","level":"info","message":{"additionalInfo":{"PORTAL_CDN_URL":"","cdnIndexFileExist":false},"msg":"cdn parameters:"},"pdata":{"id":"local.sunbird.portal","pid":"sunbird-portal-backend","ver":"4.10.0"},"timestamp":"2024-02-28 12:16:16"}
{"channel":"sunbird","env":"local.sunbird.portal","level":"info","message":{"additionalInfo":{"PORTAL_CDN_URL":"","cdnIndexFileExist":false},"msg":"cdn parameters:"},"pdata":{"id":"local.sunbird.portal","pid":"sunbird-portal-backend","ver":"4.10.0"},"timestamp":"2024-02-28 12:39:01"}
{"channel":"sunbird","env":"local.sunbird.portal","level":"info","message":{"additionalInfo":{"PORTAL_CDN_URL":"","cdnIndexFileExist":false},"msg":"cdn parameters:"},"pdata":{"id":"local.sunbird.portal","pid":"sunbird-portal-backend","ver":"4.10.0"},"timestamp":"2024-02-28 12:39:08"}
{"channel":"sunbird","env":"local.sunbird.portal","level":"info","message":{"additionalInfo":{"PORTAL_CDN_URL":"","cdnIndexFileExist":false},"msg":"cdn parameters:"},"pdata":{"id":"local.sunbird.portal","pid":"sunbird-portal-backend","ver":"4.10.0"},"timestamp":"2024-02-28 12:39:20"}
{"channel":"sunbird","env":"local.sunbird.portal","level":"info","message":{"msg":"CDN index file exist: false"},"pdata":{"id":"local.sunbird.portal","pid":"sunbird-portal-backend","ver":"4.10.0"},"timestamp":"2024-02-28 12:39:33"}
{"channel":"sunbird","env":"local.sunbird.portal","level":"info","message":{"msg":"CDN index file exist: false"},"pdata":{"id":"local.sunbird.portal","pid":"sunbird-portal-backend","ver":"4.10.0"},"timestamp":"2024-02-28 12:39:51"}
{"channel":"sunbird","env":"local.sunbird.portal","level":"info","message":{"msg":"CDN index file exist: false"},"pdata":{"id":"local.sunbird.portal","pid":"sunbird-portal-backend","ver":"4.10.0"},"timestamp":"2024-02-28 12:39:57"}
{"channel":"sunbird","env":"local.sunbird.portal","level":"info","message":{"msg":"CDN index file exist: false"},"pdata":{"id":"local.sunbird.portal","pid":"sunbird-portal-backend","ver":"4.10.0"},"timestamp":"2024-02-28 12:40:16"}
{"channel":"sunbird","env":"local.sunbird.portal","level":"info","message":{"msg":"CDN index file exist: false"},"pdata":{"id":"local.sunbird.portal","pid":"sunbird-portal-backend","ver":"4.10.0"},"timestamp":"2024-02-28 12:40:26"}
{"channel":"sunbird","env":"local.sunbird.portal","level":"info","message":{"additionalInfo":{"PORTAL_CDN_URL":"","cdnIndexFileExist":false},"msg":"cdn parameters:"},"pdata":{"id":"local.sunbird.portal","pid":"sunbird-portal-backend","ver":"4.10.0"},"timestamp":"2024-02-28 12:40:31"}
{"channel":"sunbird","env":"local.sunbird.portal","level":"info","message":{"msg":"CDN index file exist: false"},"pdata":{"id":"local.sunbird.portal","pid":"sunbird-portal-backend","ver":"4.10.0"},"timestamp":"2024-02-28 12:41:35"}
{"channel":"sunbird","env":"local.sunbird.portal","level":"info","message":{"msg":"CDN index file exist: false"},"pdata":{"id":"local.sunbird.portal","pid":"sunbird-portal-backend","ver":"4.10.0"},"timestamp":"2024-02-28 12:41:59"}
{"channel":"sunbird","env":"local.sunbird.portal","level":"info","message":{"additionalInfo":{"PORTAL_CDN_URL":"","cdnIndexFileExist":false},"msg":"cdn parameters:"},"pdata":{"id":"local.sunbird.portal","pid":"sunbird-portal-backend","ver":"4.10.0"},"timestamp":"2024-02-28 12:42:18"}
{"channel":"sunbird","env":"local.sunbird.portal","level":"info","message":{"additionalInfo":{"PORTAL_CDN_URL":"","cdnIndexFileExist":false},"msg":"cdn parameters:"},"pdata":{"id":"local.sunbird.portal","pid":"sunbird-portal-backend","ver":"4.10.0"},"timestamp":"2024-02-28 12:42:29"}
{"channel":"sunbird","env":"local.sunbird.portal","level":"info","message":{"additionalInfo":{"PORTAL_CDN_URL":"","cdnIndexFileExist":false},"msg":"cdn parameters:"},"pdata":{"id":"local.sunbird.portal","pid":"sunbird-portal-backend","ver":"4.10.0"},"timestamp":"2024-02-28 12:42:46"}
{"channel":"sunbird","env":"local.sunbird.portal","level":"info","message":{"msg":"CDN index file exist: false"},"pdata":{"id":"local.sunbird.portal","pid":"sunbird-portal-backend","ver":"4.10.0"},"timestamp":"2024-02-28 12:43:43"}
{"channel":"sunbird","env":"local.sunbird.portal","level":"info","message":{"additionalInfo":{"PORTAL_CDN_URL":"","cdnIndexFileExist":false},"msg":"cdn parameters:"},"pdata":{"id":"local.sunbird.portal","pid":"sunbird-portal-backend","ver":"4.10.0"},"timestamp":"2024-02-28 12:44:10"}
{"channel":"sunbird","env":"local.sunbird.portal","level":"info","message":{"msg":"CDN index file exist: false"},"pdata":{"id":"local.sunbird.portal","pid":"sunbird-portal-backend","ver":"4.10.0"},"timestamp":"2024-02-28 12:44:16"}
{"channel":"sunbird","env":"local.sunbird.portal","level":"info","message":{"additionalInfo":{"PORTAL_CDN_URL":"","cdnIndexFileExist":false},"msg":"cdn parameters:"},"pdata":{"id":"local.sunbird.portal","pid":"sunbird-portal-backend","ver":"4.10.0"},"timestamp":"2024-02-28 12:44:37"}
{"channel":"sunbird","env":"local.sunbird.portal","level":"info","message":{"additionalInfo":{"PORTAL_CDN_URL":"","cdnIndexFileExist":false},"msg":"cdn parameters:"},"pdata":{"id":"local.sunbird.portal","pid":"sunbird-portal-backend","ver":"4.10.0"},"timestamp":"2024-02-28 12:44:38"}
{"channel":"sunbird","env":"local.sunbird.portal","level":"info","message":{"additionalInfo":{"PORTAL_CDN_URL":"","cdnIndexFileExist":false},"msg":"cdn parameters:"},"pdata":{"id":"local.sunbird.portal","pid":"sunbird-portal-backend","ver":"4.10.0"},"timestamp":"2024-02-28 12:44:48"}
{"channel":"sunbird","env":"local.sunbird.portal","level":"info","message":{"additionalInfo":{"PORTAL_CDN_URL":"","cdnIndexFileExist":false},"msg":"cdn parameters:"},"pdata":{"id":"local.sunbird.portal","pid":"sunbird-portal-backend","ver":"4.10.0"},"timestamp":"2024-02-28 12:45:03"}
{"channel":"sunbird","env":"local.sunbird.portal","level":"info","message":{"additionalInfo":{"PORTAL_CDN_URL":"","cdnIndexFileExist":false},"msg":"cdn parameters:"},"pdata":{"id":"local.sunbird.portal","pid":"sunbird-portal-backend","ver":"4.10.0"},"timestamp":"2024-02-28 12:45:35"}
{"channel":"sunbird","env":"local.sunbird.portal","level":"info","message":{"msg":"CDN index file exist: false"},"pdata":{"id":"local.sunbird.portal","pid":"sunbird-portal-backend","ver":"4.10.0"},"timestamp":"2024-02-28 12:55:58"}
{"channel":"sunbird","env":"local.sunbird.portal","level":"info","message":{"additionalInfo":{"PORTAL_CDN_URL":"","cdnIndexFileExist":false},"msg":"cdn parameters:"},"pdata":{"id":"local.sunbird.portal","pid":"sunbird-portal-backend","ver":"4.10.0"},"timestamp":"2024-02-28 12:56:05"}
{"channel":"sunbird","env":"local.sunbird.portal","level":"info","message":{"additionalInfo":{"PORTAL_CDN_URL":"","cdnIndexFileExist":false},"msg":"cdn parameters:"},"pdata":{"id":"local.sunbird.portal","pid":"sunbird-portal-backend","ver":"4.10.0"},"timestamp":"2024-02-28 12:56:43"}
{"channel":"sunbird","env":"local.sunbird.portal","level":"info","message":{"additionalInfo":{"PORTAL_CDN_URL":"","cdnIndexFileExist":false},"msg":"cdn parameters:"},"pdata":{"id":"local.sunbird.portal","pid":"sunbird-portal-backend","ver":"4.10.0"},"timestamp":"2024-02-28 12:58:00"}
{"channel":"sunbird","env":"local.sunbird.portal","level":"info","message":{"msg":"CDN index file exist: false"},"pdata":{"id":"local.sunbird.portal","pid":"sunbird-portal-backend","ver":"4.10.0"},"timestamp":"2024-02-28 12:58:55"}
{"channel":"sunbird","env":"local.sunbird.portal","level":"info","message":{"msg":"CDN index file exist: false"},"pdata":{"id":"local.sunbird.portal","pid":"sunbird-portal-backend","ver":"4.10.0"},"timestamp":"2024-02-28 12:59:09"}
{"channel":"sunbird","env":"local.sunbird.portal","level":"info","message":{"msg":"CDN index file exist: false"},"pdata":{"id":"local.sunbird.portal","pid":"sunbird-portal-backend","ver":"4.10.0"},"timestamp":"2024-02-28 12:59:39"}
{"channel":"sunbird","env":"local.sunbird.portal","level":"info","message":{"msg":"CDN index file exist: false"},"pdata":{"id":"local.sunbird.portal","pid":"sunbird-portal-backend","ver":"4.10.0"},"timestamp":"2024-02-28 12:59:48"}
{"channel":"sunbird","env":"local.sunbird.portal","level":"info","message":{"additionalInfo":{"PORTAL_CDN_URL":"","cdnIndexFileExist":false},"msg":"cdn parameters:"},"pdata":{"id":"local.sunbird.portal","pid":"sunbird-portal-backend","ver":"4.10.0"},"timestamp":"2024-02-28 13:02:04"}
{"channel":"sunbird","env":"local.sunbird.portal","level":"info","message":{"msg":"CDN index file exist: false"},"pdata":{"id":"local.sunbird.portal","pid":"sunbird-portal-backend","ver":"4.10.0"},"timestamp":"2024-02-28 13:02:48"}
{"channel":"sunbird","env":"local.sunbird.portal","level":"info","message":{"additionalInfo":{"PORTAL_CDN_URL":"","cdnIndexFileExist":false},"msg":"cdn parameters:"},"pdata":{"id":"local.sunbird.portal","pid":"sunbird-portal-backend","ver":"4.10.0"},"timestamp":"2024-02-28 13:02:52"}
{"channel":"sunbird","env":"local.sunbird.portal","level":"info","message":{"msg":"CDN index file exist: false"},"pdata":{"id":"local.sunbird.portal","pid":"sunbird-portal-backend","ver":"4.10.0"},"timestamp":"2024-02-28 13:03:04"}
{"channel":"sunbird","env":"local.sunbird.portal","level":"info","message":{"msg":"CDN index file exist: false"},"pdata":{"id":"local.sunbird.portal","pid":"sunbird-portal-backend","ver":"4.10.0"},"timestamp":"2024-02-28 13:03:22"}
{"channel":"sunbird","env":"local.sunbird.portal","level":"info","message":{"additionalInfo":{"PORTAL_CDN_URL":"","cdnIndexFileExist":false},"msg":"cdn parameters:"},"pdata":{"id":"local.sunbird.portal","pid":"sunbird-portal-backend","ver":"4.10.0"},"timestamp":"2024-02-28 13:03:26"}
{"channel":"sunbird","env":"local.sunbird.portal","level":"info","message":{"additionalInfo":{"PORTAL_CDN_URL":"","cdnIndexFileExist":false},"msg":"cdn parameters:"},"pdata":{"id":"local.sunbird.portal","pid":"sunbird-portal-backend","ver":"4.10.0"},"timestamp":"2024-02-28 13:03:41"}
{"channel":"sunbird","env":"local.sunbird.portal","level":"info","message":{"msg":"CDN index file exist: false"},"pdata":{"id":"local.sunbird.portal","pid":"sunbird-portal-backend","ver":"4.10.0"},"timestamp":"2024-02-28 13:04:11"}
{"channel":"sunbird","env":"local.sunbird.portal","level":"info","message":{"msg":"CDN index file exist: false"},"pdata":{"id":"local.sunbird.portal","pid":"sunbird-portal-backend","ver":"4.10.0"},"timestamp":"2024-02-28 13:04:24"}
{"channel":"sunbird","env":"local.sunbird.portal","level":"info","message":{"msg":"CDN index file exist: false"},"pdata":{"id":"local.sunbird.portal","pid":"sunbird-portal-backend","ver":"4.10.0"},"timestamp":"2024-02-28 13:04:53"}
{"channel":"sunbird","env":"local.sunbird.portal","level":"info","message":{"msg":"CDN index file exist: false"},"pdata":{"id":"local.sunbird.portal","pid":"sunbird-portal-backend","ver":"4.10.0"},"timestamp":"2024-02-28 13:05:02"}
{"channel":"sunbird","env":"local.sunbird.portal","level":"info","message":{"additionalInfo":{"PORTAL_CDN_URL":"","cdnIndexFileExist":false},"msg":"cdn parameters:"},"pdata":{"id":"local.sunbird.portal","pid":"sunbird-portal-backend","ver":"4.10.0"},"timestamp":"2024-02-28 14:04:24"}
{"channel":"sunbird","env":"local.sunbird.portal","level":"info","message":{"method":"GET","msg":"Portal_API_WHITELIST_LOGGER: URL not whitelisted","reqOriginalUrl":"/votingToolConfiguration/getk","reqPath":"/votingToolConfiguration/getk","sessionRoles":"no roles in session"},"pdata":{"id":"local.sunbird.portal","pid":"sunbird-portal-backend","ver":"4.10.0"},"timestamp":"2024-02-28 14:04:28"}
{"channel":"sunbird","env":"local.sunbird.portal","level":"info","message":{"additionalInfo":{"PORTAL_CDN_URL":"","cdnIndexFileExist":false},"msg":"cdn parameters:"},"pdata":{"id":"local.sunbird.portal","pid":"sunbird-portal-backend","ver":"4.10.0"},"timestamp":"2024-02-28 14:05:14"}
{"channel":"sunbird","env":"local.sunbird.portal","level":"info","message":{"additionalInfo":{"PORTAL_CDN_URL":"","cdnIndexFileExist":false},"msg":"cdn parameters:"},"pdata":{"id":"local.sunbird.portal","pid":"sunbird-portal-backend","ver":"4.10.0"},"timestamp":"2024-02-28 14:05:34"}
{"channel":"sunbird","env":"local.sunbird.portal","level":"info","message":{"msg":"CDN index file exist: false"},"pdata":{"id":"local.sunbird.portal","pid":"sunbird-portal-backend","ver":"4.10.0"},"timestamp":"2024-02-28 14:08:00"}
{"channel":"sunbird","env":"local.sunbird.portal","level":"info","message":{"msg":"CDN index file exist: false"},"pdata":{"id":"local.sunbird.portal","pid":"sunbird-portal-backend","ver":"4.10.0"},"timestamp":"2024-02-28 14:08:06"}
{"channel":"sunbird","env":"local.sunbird.portal","level":"info","message":{"additionalInfo":{"PORTAL_CDN_URL":"","cdnIndexFileExist":false},"msg":"cdn parameters:"},"pdata":{"id":"local.sunbird.portal","pid":"sunbird-portal-backend","ver":"4.10.0"},"timestamp":"2024-02-28 14:08:11"}
{"channel":"sunbird","env":"local.sunbird.portal","level":"info","message":{"msg":"CDN index file exist: false"},"pdata":{"id":"local.sunbird.portal","pid":"sunbird-portal-backend","ver":"4.10.0"},"timestamp":"2024-02-28 14:08:20"}
{"channel":"sunbird","env":"local.sunbird.portal","level":"info","message":{"additionalInfo":{"PORTAL_CDN_URL":"","cdnIndexFileExist":false},"msg":"cdn parameters:"},"pdata":{"id":"local.sunbird.portal","pid":"sunbird-portal-backend","ver":"4.10.0"},"timestamp":"2024-02-28 14:10:21"}
{"channel":"sunbird","env":"local.sunbird.portal","level":"info","message":{"additionalInfo":{"PORTAL_CDN_URL":"","cdnIndexFileExist":false},"msg":"cdn parameters:"},"pdata":{"id":"local.sunbird.portal","pid":"sunbird-portal-backend","ver":"4.10.0"},"timestamp":"2024-02-28 14:10:32"}
{"channel":"sunbird","env":"local.sunbird.portal","level":"info","message":{"msg":"CDN index file exist: false"},"pdata":{"id":"local.sunbird.portal","pid":"sunbird-portal-backend","ver":"4.10.0"},"timestamp":"2024-02-28 14:11:02"}
{"channel":"sunbird","env":"local.sunbird.portal","level":"info","message":{"msg":"CDN index file exist: false"},"pdata":{"id":"local.sunbird.portal","pid":"sunbird-portal-backend","ver":"4.10.0"},"timestamp":"2024-02-28 14:11:25"}
{"channel":"sunbird","env":"local.sunbird.portal","level":"info","message":{"msg":"CDN index file exist: false"},"pdata":{"id":"local.sunbird.portal","pid":"sunbird-portal-backend","ver":"4.10.0"},"timestamp":"2024-02-28 14:16:46"}
{"channel":"sunbird","env":"local.sunbird.portal","level":"info","message":{"method":"GET","msg":"Portal_API_WHITELIST_LOGGER: URL not whitelisted","reqOriginalUrl":"/votingToolConfig/getlist","reqPath":"/votingToolConfig/getlist","sessionRoles":"no roles in session"},"pdata":{"id":"local.sunbird.portal","pid":"sunbird-portal-backend","ver":"4.10.0"},"timestamp":"2024-02-28 14:17:00"}
{"channel":"sunbird","env":"local.sunbird.portal","level":"info","message":{"method":"GET","msg":"Portal_API_WHITELIST_LOGGER: URL not whitelisted","reqOriginalUrl":"/votingToolConfig/getlist","reqPath":"/votingToolConfig/getlist","sessionRoles":"no roles in session"},"pdata":{"id":"local.sunbird.portal","pid":"sunbird-portal-backend","ver":"4.10.0"},"timestamp":"2024-02-28 14:19:16"}
{"channel":"sunbird","env":"local.sunbird.portal","level":"info","message":{"msg":"CDN index file exist: false"},"pdata":{"id":"local.sunbird.portal","pid":"sunbird-portal-backend","ver":"4.10.0"},"timestamp":"2024-02-28 14:19:44"}
{"channel":"sunbird","env":"local.sunbird.portal","level":"info","message":{"msg":"CDN index file exist: false"},"pdata":{"id":"local.sunbird.portal","pid":"sunbird-portal-backend","ver":"4.10.0"},"timestamp":"2024-02-28 14:20:04"}
{"channel":"sunbird","env":"local.sunbird.portal","level":"info","message":{"method":"GET","msg":"Portal_API_WHITELIST_LOGGER: URL not whitelisted","reqOriginalUrl":"/votingToolConfiguration/getlist","reqPath":"/votingToolConfiguration/getlist","sessionRoles":"no roles in session"},"pdata":{"id":"local.sunbird.portal","pid":"sunbird-portal-backend","ver":"4.10.0"},"timestamp":"2024-02-28 14:20:06"}
{"channel":"sunbird","env":"local.sunbird.portal","level":"info","message":{"additionalInfo":{"PORTAL_CDN_URL":"","cdnIndexFileExist":false},"msg":"cdn parameters:"},"pdata":{"id":"local.sunbird.portal","pid":"sunbird-portal-backend","ver":"4.10.0"},"timestamp":"2024-02-28 14:20:10"}
{"channel":"sunbird","env":"local.sunbird.portal","level":"info","message":{"msg":"CDN index file exist: false"},"pdata":{"id":"local.sunbird.portal","pid":"sunbird-portal-backend","ver":"4.10.0"},"timestamp":"2024-02-28 14:24:33"}
{"channel":"sunbird","env":"local.sunbird.portal","level":"info","message":{"additionalInfo":{"PORTAL_CDN_URL":"","cdnIndexFileExist":false},"msg":"cdn parameters:"},"pdata":{"id":"local.sunbird.portal","pid":"sunbird-portal-backend","ver":"4.10.0"},"timestamp":"2024-02-28 14:24:35"}
{"channel":"sunbird","env":"local.sunbird.portal","level":"info","message":{"msg":"CDN index file exist: false"},"pdata":{"id":"local.sunbird.portal","pid":"sunbird-portal-backend","ver":"4.10.0"},"timestamp":"2024-02-28 14:47:30"}
{"channel":"sunbird","env":"local.sunbird.portal","level":"info","message":{"msg":"CDN index file exist: false"},"pdata":{"id":"local.sunbird.portal","pid":"sunbird-portal-backend","ver":"4.10.0"},"timestamp":"2024-02-28 14:47:34"}
{"channel":"sunbird","env":"local.sunbird.portal","level":"info","message":{"msg":"CDN index file exist: false"},"pdata":{"id":"local.sunbird.portal","pid":"sunbird-portal-backend","ver":"4.10.0"},"timestamp":"2024-02-28 14:52:26"}
{"channel":"sunbird","env":"local.sunbird.portal","level":"info","message":{"msg":"CDN index file exist: false"},"pdata":{"id":"local.sunbird.portal","pid":"sunbird-portal-backend","ver":"4.10.0"},"timestamp":"2024-02-28 14:52:30"}
{"channel":"sunbird","env":"local.sunbird.portal","level":"info","message":{"msg":"CDN index file exist: false"},"pdata":{"id":"local.sunbird.portal","pid":"sunbird-portal-backend","ver":"4.10.0"},"timestamp":"2024-02-28 14:52:51"}
{"channel":"sunbird","env":"local.sunbird.portal","level":"info","message":{"msg":"CDN index file exist: false"},"pdata":{"id":"local.sunbird.portal","pid":"sunbird-portal-backend","ver":"4.10.0"},"timestamp":"2024-02-28 14:52:55"}
{"channel":"sunbird","env":"local.sunbird.portal","level":"info","message":{"msg":"CDN index file exist: false"},"pdata":{"id":"local.sunbird.portal","pid":"sunbird-portal-backend","ver":"4.10.0"},"timestamp":"2024-02-28 14:53:22"}
{"channel":"sunbird","env":"local.sunbird.portal","level":"info","message":{"msg":"CDN index file exist: false"},"pdata":{"id":"local.sunbird.portal","pid":"sunbird-portal-backend","ver":"4.10.0"},"timestamp":"2024-02-28 14:54:10"}
{"channel":"sunbird","env":"local.sunbird.portal","level":"info","message":{"msg":"CDN index file exist: false"},"pdata":{"id":"local.sunbird.portal","pid":"sunbird-portal-backend","ver":"4.10.0"},"timestamp":"2024-02-28 14:55:17"}
{"channel":"sunbird","env":"local.sunbird.portal","level":"info","message":{"msg":"CDN index file exist: false"},"pdata":{"id":"local.sunbird.portal","pid":"sunbird-portal-backend","ver":"4.10.0"},"timestamp":"2024-02-28 14:55:55"}
{"channel":"sunbird","env":"local.sunbird.portal","level":"info","message":{"msg":"CDN index file exist: false"},"pdata":{"id":"local.sunbird.portal","pid":"sunbird-portal-backend","ver":"4.10.0"},"timestamp":"2024-02-28 15:12:03"}
{"channel":"sunbird","env":"local.sunbird.portal","level":"info","message":{"msg":"CDN index file exist: false"},"pdata":{"id":"local.sunbird.portal","pid":"sunbird-portal-backend","ver":"4.10.0"},"timestamp":"2024-02-28 15:12:14"}
{"channel":"sunbird","env":"local.sunbird.portal","level":"info","message":{"msg":"CDN index file exist: false"},"pdata":{"id":"local.sunbird.portal","pid":"sunbird-portal-backend","ver":"4.10.0"},"timestamp":"2024-02-28 15:12:19"}
{"channel":"sunbird","env":"local.sunbird.portal","level":"info","message":{"msg":"CDN index file exist: false"},"pdata":{"id":"local.sunbird.portal","pid":"sunbird-portal-backend","ver":"4.10.0"},"timestamp":"2024-02-28 15:12:25"}
{"channel":"sunbird","env":"local.sunbird.portal","level":"info","message":{"msg":"CDN index file exist: false"},"pdata":{"id":"local.sunbird.portal","pid":"sunbird-portal-backend","ver":"4.10.0"},"timestamp":"2024-02-28 15:13:04"}
{"channel":"sunbird","env":"local.sunbird.portal","level":"info","message":{"msg":"CDN index file exist: false"},"pdata":{"id":"local.sunbird.portal","pid":"sunbird-portal-backend","ver":"4.10.0"},"timestamp":"2024-02-28 15:13:08"}
{"channel":"sunbird","env":"local.sunbird.portal","level":"info","message":{"msg":"CDN index file exist: false"},"pdata":{"id":"local.sunbird.portal","pid":"sunbird-portal-backend","ver":"4.10.0"},"timestamp":"2024-02-28 15:13:48"}
{"channel":"sunbird","env":"local.sunbird.portal","level":"info","message":{"msg":"CDN index file exist: false"},"pdata":{"id":"local.sunbird.portal","pid":"sunbird-portal-backend","ver":"4.10.0"},"timestamp":"2024-02-28 15:14:30"}
{"channel":"sunbird","env":"local.sunbird.portal","level":"info","message":{"msg":"CDN index file exist: false"},"pdata":{"id":"local.sunbird.portal","pid":"sunbird-portal-backend","ver":"4.10.0"},"timestamp":"2024-02-28 15:14:39"}
{"channel":"sunbird","env":"local.sunbird.portal","level":"info","message":{"msg":"CDN index file exist: false"},"pdata":{"id":"local.sunbird.portal","pid":"sunbird-portal-backend","ver":"4.10.0"},"timestamp":"2024-02-28 15:24:14"}
{"channel":"sunbird","env":"local.sunbird.portal","level":"info","message":{"msg":"CDN index file exist: false"},"pdata":{"id":"local.sunbird.portal","pid":"sunbird-portal-backend","ver":"4.10.0"},"timestamp":"2024-02-28 15:47:40"}
{"channel":"sunbird","env":"local.sunbird.portal","level":"info","message":{"msg":"CDN index file exist: false"},"pdata":{"id":"local.sunbird.portal","pid":"sunbird-portal-backend","ver":"4.10.0"},"timestamp":"2024-02-28 15:51:04"}
{"channel":"sunbird","env":"local.sunbird.portal","level":"info","message":{"msg":"CDN index file exist: false"},"pdata":{"id":"local.sunbird.portal","pid":"sunbird-portal-backend","ver":"4.10.0"},"timestamp":"2024-02-28 15:51:42"}
{"channel":"sunbird","env":"local.sunbird.portal","level":"info","message":{"msg":"CDN index file exist: false"},"pdata":{"id":"local.sunbird.portal","pid":"sunbird-portal-backend","ver":"4.10.0"},"timestamp":"2024-02-28 15:52:11"}
{"channel":"sunbird","env":"local.sunbird.portal","level":"info","message":{"msg":"CDN index file exist: false"},"pdata":{"id":"local.sunbird.portal","pid":"sunbird-portal-backend","ver":"4.10.0"},"timestamp":"2024-02-28 15:54:43"}
{"channel":"sunbird","env":"local.sunbird.portal","level":"info","message":{"msg":"CDN index file exist: false"},"pdata":{"id":"local.sunbird.portal","pid":"sunbird-portal-backend","ver":"4.10.0"},"timestamp":"2024-02-28 15:54:56"}
{"channel":"sunbird","env":"local.sunbird.portal","level":"info","message":{"msg":"CDN index file exist: false"},"pdata":{"id":"local.sunbird.portal","pid":"sunbird-portal-backend","ver":"4.10.0"},"timestamp":"2024-02-28 15:55:10"}
{"channel":"sunbird","env":"local.sunbird.portal","level":"info","message":{"msg":"CDN index file exist: false"},"pdata":{"id":"local.sunbird.portal","pid":"sunbird-portal-backend","ver":"4.10.0"},"timestamp":"2024-02-28 15:55:15"}
{"channel":"sunbird","env":"local.sunbird.portal","level":"info","message":{"msg":"CDN index file exist: false"},"pdata":{"id":"local.sunbird.portal","pid":"sunbird-portal-backend","ver":"4.10.0"},"timestamp":"2024-02-28 15:55:48"}
{"channel":"sunbird","env":"local.sunbird.portal","level":"info","message":{"msg":"CDN index file exist: false"},"pdata":{"id":"local.sunbird.portal","pid":"sunbird-portal-backend","ver":"4.10.0"},"timestamp":"2024-02-28 15:56:15"}
{"channel":"sunbird","env":"local.sunbird.portal","level":"info","message":{"msg":"CDN index file exist: false"},"pdata":{"id":"local.sunbird.portal","pid":"sunbird-portal-backend","ver":"4.10.0"},"timestamp":"2024-02-28 15:56:22"}
{"channel":"sunbird","env":"local.sunbird.portal","level":"info","message":{"method":"GET","msg":"Portal_API_WHITELIST_LOGGER: URL not whitelisted","reqOriginalUrl":"/votingToolConfiguration/getConfig","reqPath":"/votingToolConfiguration/getConfig","sessionRoles":"no roles in session"},"pdata":{"id":"local.sunbird.portal","pid":"sunbird-portal-backend","ver":"4.10.0"},"timestamp":"2024-02-28 15:56:33"}
{"channel":"sunbird","env":"local.sunbird.portal","level":"info","message":{"msg":"CDN index file exist: false"},"pdata":{"id":"local.sunbird.portal","pid":"sunbird-portal-backend","ver":"4.10.0"},"timestamp":"2024-02-28 15:57:36"}
{"channel":"sunbird","env":"local.sunbird.portal","level":"info","message":{"msg":"CDN index file exist: false"},"pdata":{"id":"local.sunbird.portal","pid":"sunbird-portal-backend","ver":"4.10.0"},"timestamp":"2024-02-28 15:58:29"}
{"channel":"sunbird","env":"local.sunbird.portal","level":"info","message":{"msg":"CDN index file exist: false"},"pdata":{"id":"local.sunbird.portal","pid":"sunbird-portal-backend","ver":"4.10.0"},"timestamp":"2024-02-28 15:58:40"}
{"channel":"sunbird","env":"local.sunbird.portal","level":"info","message":{"msg":"CDN index file exist: false"},"pdata":{"id":"local.sunbird.portal","pid":"sunbird-portal-backend","ver":"4.10.0"},"timestamp":"2024-02-28 15:59:26"}
{"channel":"sunbird","env":"local.sunbird.portal","level":"info","message":{"msg":"CDN index file exist: false"},"pdata":{"id":"local.sunbird.portal","pid":"sunbird-portal-backend","ver":"4.10.0"},"timestamp":"2024-02-28 16:00:29"}
{"channel":"sunbird","env":"local.sunbird.portal","level":"info","message":{"method":"GET","msg":"Portal_API_WHITELIST_LOGGER: URL not whitelisted","reqOriginalUrl":"/v1/voting/system/config/create","reqPath":"/v1/voting/system/config/create","sessionRoles":"no roles in session"},"pdata":{"id":"local.sunbird.portal","pid":"sunbird-portal-backend","ver":"4.10.0"},"timestamp":"2024-02-28 16:05:36"}
{"channel":"sunbird","env":"local.sunbird.portal","level":"info","message":{"msg":"CDN index file exist: false"},"pdata":{"id":"local.sunbird.portal","pid":"sunbird-portal-backend","ver":"4.10.0"},"timestamp":"2024-02-28 16:11:48"}
{"channel":"sunbird","env":"local.sunbird.portal","level":"info","message":{"msg":"CDN index file exist: false"},"pdata":{"id":"local.sunbird.portal","pid":"sunbird-portal-backend","ver":"4.10.0"},"timestamp":"2024-02-28 16:12:03"}
{"channel":"sunbird","env":"local.sunbird.portal","level":"info","message":{"msg":"CDN index file exist: false"},"pdata":{"id":"local.sunbird.portal","pid":"sunbird-portal-backend","ver":"4.10.0"},"timestamp":"2024-02-28 16:12:09"}
{"channel":"sunbird","env":"local.sunbird.portal","level":"info","message":{"msg":"CDN index file exist: false"},"pdata":{"id":"local.sunbird.portal","pid":"sunbird-portal-backend","ver":"4.10.0"},"timestamp":"2024-02-28 16:16:55"}
{"channel":"sunbird","env":"local.sunbird.portal","level":"info","message":{"msg":"CDN index file exist: false"},"pdata":{"id":"local.sunbird.portal","pid":"sunbird-portal-backend","ver":"4.10.0"},"timestamp":"2024-02-28 16:17:50"}
{"channel":"sunbird","env":"local.sunbird.portal","level":"info","message":{"msg":"CDN index file exist: false"},"pdata":{"id":"local.sunbird.portal","pid":"sunbird-portal-backend","ver":"4.10.0"},"timestamp":"2024-02-28 16:18:48"}
{"channel":"sunbird","env":"local.sunbird.portal","level":"info","message":{"msg":"CDN index file exist: false"},"pdata":{"id":"local.sunbird.portal","pid":"sunbird-portal-backend","ver":"4.10.0"},"timestamp":"2024-02-28 16:21:12"}
{"channel":"sunbird","env":"local.sunbird.portal","level":"info","message":{"msg":"CDN index file exist: false"},"pdata":{"id":"local.sunbird.portal","pid":"sunbird-portal-backend","ver":"4.10.0"},"timestamp":"2024-02-28 16:59:38"}
{"channel":"sunbird","env":"local.sunbird.portal","level":"info","message":{"msg":"CDN index file exist: false"},"pdata":{"id":"local.sunbird.portal","pid":"sunbird-portal-backend","ver":"4.10.0"},"timestamp":"2024-02-28 17:00:35"}
{"channel":"sunbird","env":"local.sunbird.portal","level":"info","message":{"msg":"CDN index file exist: false"},"pdata":{"id":"local.sunbird.portal","pid":"sunbird-portal-backend","ver":"4.10.0"},"timestamp":"2024-02-28 17:00:44"}
{"channel":"sunbird","env":"local.sunbird.portal","level":"info","message":{"msg":"CDN index file exist: false"},"pdata":{"id":"local.sunbird.portal","pid":"sunbird-portal-backend","ver":"4.10.0"},"timestamp":"2024-02-28 17:01:15"}
{"channel":"sunbird","env":"local.sunbird.portal","level":"info","message":{"msg":"CDN index file exist: false"},"pdata":{"id":"local.sunbird.portal","pid":"sunbird-portal-backend","ver":"4.10.0"},"timestamp":"2024-02-28 17:09:05"}
{"channel":"sunbird","env":"local.sunbird.portal","level":"info","message":{"msg":"CDN index file exist: false"},"pdata":{"id":"local.sunbird.portal","pid":"sunbird-portal-backend","ver":"4.10.0"},"timestamp":"2024-02-28 17:09:51"}
{"channel":"sunbird","env":"local.sunbird.portal","level":"info","message":{"msg":"CDN index file exist: false"},"pdata":{"id":"local.sunbird.portal","pid":"sunbird-portal-backend","ver":"4.10.0"},"timestamp":"2024-02-28 17:11:59"}
{"channel":"sunbird","env":"local.sunbird.portal","level":"info","message":{"msg":"CDN index file exist: false"},"pdata":{"id":"local.sunbird.portal","pid":"sunbird-portal-backend","ver":"4.10.0"},"timestamp":"2024-02-28 17:12:52"}
{"channel":"sunbird","env":"local.sunbird.portal","level":"info","message":{"msg":"CDN index file exist: false"},"pdata":{"id":"local.sunbird.portal","pid":"sunbird-portal-backend","ver":"4.10.0"},"timestamp":"2024-02-28 17:13:18"}
{"channel":"sunbird","env":"local.sunbird.portal","level":"info","message":{"msg":"CDN index file exist: false"},"pdata":{"id":"local.sunbird.portal","pid":"sunbird-portal-backend","ver":"4.10.0"},"timestamp":"2024-02-28 17:14:15"}
{"channel":"sunbird","env":"local.sunbird.portal","level":"info","message":{"msg":"CDN index file exist: false"},"pdata":{"id":"local.sunbird.portal","pid":"sunbird-portal-backend","ver":"4.10.0"},"timestamp":"2024-02-28 17:15:12"}
{"channel":"sunbird","env":"local.sunbird.portal","level":"info","message":{"msg":"CDN index file exist: false"},"pdata":{"id":"local.sunbird.portal","pid":"sunbird-portal-backend","ver":"4.10.0"},"timestamp":"2024-02-28 17:15:20"}
{"channel":"sunbird","env":"local.sunbird.portal","level":"info","message":{"msg":"CDN index file exist: false"},"pdata":{"id":"local.sunbird.portal","pid":"sunbird-portal-backend","ver":"4.10.0"},"timestamp":"2024-02-28 17:15:35"}
{"channel":"sunbird","env":"local.sunbird.portal","level":"info","message":{"msg":"CDN index file exist: false"},"pdata":{"id":"local.sunbird.portal","pid":"sunbird-portal-backend","ver":"4.10.0"},"timestamp":"2024-02-28 17:17:39"}
{"channel":"sunbird","env":"local.sunbird.portal","level":"info","message":{"method":"PUT","msg":"Portal_API_WHITELIST_LOGGER: URL not whitelisted","reqOriginalUrl":"/v1/voting/system/config/create?type=learnathon","reqPath":"/v1/voting/system/config/create","sessionRoles":"no roles in session"},"pdata":{"id":"local.sunbird.portal","pid":"sunbird-portal-backend","ver":"4.10.0"},"timestamp":"2024-02-28 17:19:18"}
{"channel":"sunbird","env":"local.sunbird.portal","level":"info","message":{"msg":"CDN index file exist: false"},"pdata":{"id":"local.sunbird.portal","pid":"sunbird-portal-backend","ver":"4.10.0"},"timestamp":"2024-02-28 17:21:12"}
{"channel":"sunbird","env":"local.sunbird.portal","level":"info","message":{"msg":"CDN index file exist: false"},"pdata":{"id":"local.sunbird.portal","pid":"sunbird-portal-backend","ver":"4.10.0"},"timestamp":"2024-02-28 17:21:23"}
{"channel":"sunbird","env":"local.sunbird.portal","level":"info","message":{"msg":"CDN index file exist: false"},"pdata":{"id":"local.sunbird.portal","pid":"sunbird-portal-backend","ver":"4.10.0"},"timestamp":"2024-02-28 17:21:38"}
{"channel":"sunbird","env":"local.sunbird.portal","level":"info","message":{"msg":"CDN index file exist: false"},"pdata":{"id":"local.sunbird.portal","pid":"sunbird-portal-backend","ver":"4.10.0"},"timestamp":"2024-02-28 17:22:09"}
{"channel":"sunbird","env":"local.sunbird.portal","level":"info","message":{"msg":"CDN index file exist: false"},"pdata":{"id":"local.sunbird.portal","pid":"sunbird-portal-backend","ver":"4.10.0"},"timestamp":"2024-02-28 17:23:05"}
{"channel":"sunbird","env":"local.sunbird.portal","level":"info","message":{"msg":"CDN index file exist: false"},"pdata":{"id":"local.sunbird.portal","pid":"sunbird-portal-backend","ver":"4.10.0"},"timestamp":"2024-02-28 17:23:44"}
{"channel":"sunbird","env":"local.sunbird.portal","level":"info","message":{"msg":"CDN index file exist: false"},"pdata":{"id":"local.sunbird.portal","pid":"sunbird-portal-backend","ver":"4.10.0"},"timestamp":"2024-02-28 17:23:51"}
{"channel":"sunbird","env":"local.sunbird.portal","level":"info","message":{"msg":"CDN index file exist: false"},"pdata":{"id":"local.sunbird.portal","pid":"sunbird-portal-backend","ver":"4.10.0"},"timestamp":"2024-02-28 17:25:34"}
{"channel":"sunbird","env":"local.sunbird.portal","level":"info","message":{"msg":"CDN index file exist: false"},"pdata":{"id":"local.sunbird.portal","pid":"sunbird-portal-backend","ver":"4.10.0"},"timestamp":"2024-02-28 17:25:47"}
{"channel":"sunbird","env":"local.sunbird.portal","level":"info","message":{"msg":"CDN index file exist: false"},"pdata":{"id":"local.sunbird.portal","pid":"sunbird-portal-backend","ver":"4.10.0"},"timestamp":"2024-02-28 17:25:59"}
{"channel":"sunbird","env":"local.sunbird.portal","level":"info","message":{"msg":"CDN index file exist: false"},"pdata":{"id":"local.sunbird.portal","pid":"sunbird-portal-backend","ver":"4.10.0"},"timestamp":"2024-02-28 17:27:56"}
{"channel":"sunbird","env":"local.sunbird.portal","level":"info","message":{"msg":"CDN index file exist: false"},"pdata":{"id":"local.sunbird.portal","pid":"sunbird-portal-backend","ver":"4.10.0"},"timestamp":"2024-02-28 17:27:59"}
{"channel":"sunbird","env":"local.sunbird.portal","level":"info","message":{"msg":"CDN index file exist: false"},"pdata":{"id":"local.sunbird.portal","pid":"sunbird-portal-backend","ver":"4.10.0"},"timestamp":"2024-02-28 17:28:35"}
{"channel":"sunbird","env":"local.sunbird.portal","level":"info","message":{"msg":"CDN index file exist: false"},"pdata":{"id":"local.sunbird.portal","pid":"sunbird-portal-backend","ver":"4.10.0"},"timestamp":"2024-02-28 17:29:00"}
{"channel":"sunbird","env":"local.sunbird.portal","level":"info","message":{"msg":"CDN index file exist: false"},"pdata":{"id":"local.sunbird.portal","pid":"sunbird-portal-backend","ver":"4.10.0"},"timestamp":"2024-02-28 17:30:08"}
{"channel":"sunbird","env":"local.sunbird.portal","level":"info","message":{"msg":"CDN index file exist: false"},"pdata":{"id":"local.sunbird.portal","pid":"sunbird-portal-backend","ver":"4.10.0"},"timestamp":"2024-02-28 17:30:17"}
{"channel":"sunbird","env":"local.sunbird.portal","level":"info","message":{"msg":"CDN index file exist: false"},"pdata":{"id":"local.sunbird.portal","pid":"sunbird-portal-backend","ver":"4.10.0"},"timestamp":"2024-02-28 17:30:27"}
{"channel":"sunbird","env":"local.sunbird.portal","level":"info","message":{"msg":"CDN index file exist: false"},"pdata":{"id":"local.sunbird.portal","pid":"sunbird-portal-backend","ver":"4.10.0"},"timestamp":"2024-02-28 17:31:31"}
{"channel":"sunbird","env":"local.sunbird.portal","level":"info","message":{"msg":"CDN index file exist: false"},"pdata":{"id":"local.sunbird.portal","pid":"sunbird-portal-backend","ver":"4.10.0"},"timestamp":"2024-02-28 17:32:07"}
{"channel":"sunbird","env":"local.sunbird.portal","level":"info","message":{"msg":"CDN index file exist: false"},"pdata":{"id":"local.sunbird.portal","pid":"sunbird-portal-backend","ver":"4.10.0"},"timestamp":"2024-02-28 17:50:33"}
{"channel":"sunbird","env":"local.sunbird.portal","level":"info","message":{"msg":"CDN index file exist: false"},"pdata":{"id":"local.sunbird.portal","pid":"sunbird-portal-backend","ver":"4.10.0"},"timestamp":"2024-02-28 17:51:14"}
{"channel":"sunbird","env":"local.sunbird.portal","level":"info","message":{"msg":"CDN index file exist: false"},"pdata":{"id":"local.sunbird.portal","pid":"sunbird-portal-backend","ver":"4.10.0"},"timestamp":"2024-02-28 17:52:12"}
