{"channel":"sunbird","env":"local.sunbird.portal","level":"info","message":{"msg":"CDN index file exist: false"},"pdata":{"id":"local.sunbird.portal","pid":"sunbird-portal-backend","ver":"4.10.0"},"timestamp":"2024-03-04 09:40:45"}
{"channel":"sunbird","env":"local.sunbird.portal","level":"info","message":{"msg":"CDN index file exist: false"},"pdata":{"id":"local.sunbird.portal","pid":"sunbird-portal-backend","ver":"4.10.0"},"timestamp":"2024-03-04 09:42:29"}
{"channel":"sunbird","env":"local.sunbird.portal","level":"info","message":{"msg":"CDN index file exist: false"},"pdata":{"id":"local.sunbird.portal","pid":"sunbird-portal-backend","ver":"4.10.0"},"timestamp":"2024-03-04 09:42:41"}
{"channel":"sunbird","env":"local.sunbird.portal","level":"info","message":{"msg":"CDN index file exist: false"},"pdata":{"id":"local.sunbird.portal","pid":"sunbird-portal-backend","ver":"4.10.0"},"timestamp":"2024-03-04 09:42:52"}
{"channel":"sunbird","env":"local.sunbird.portal","level":"info","message":{"msg":"CDN index file exist: false"},"pdata":{"id":"local.sunbird.portal","pid":"sunbird-portal-backend","ver":"4.10.0"},"timestamp":"2024-03-04 09:42:57"}
{"channel":"sunbird","env":"local.sunbird.portal","level":"info","message":{"msg":"CDN index file exist: false"},"pdata":{"id":"local.sunbird.portal","pid":"sunbird-portal-backend","ver":"4.10.0"},"timestamp":"2024-03-04 09:43:05"}
{"channel":"sunbird","env":"local.sunbird.portal","level":"info","message":{"msg":"CDN index file exist: false"},"pdata":{"id":"local.sunbird.portal","pid":"sunbird-portal-backend","ver":"4.10.0"},"timestamp":"2024-03-04 09:43:14"}
{"channel":"sunbird","env":"local.sunbird.portal","level":"info","message":{"msg":"CDN index file exist: false"},"pdata":{"id":"local.sunbird.portal","pid":"sunbird-portal-backend","ver":"4.10.0"},"timestamp":"2024-03-04 09:43:44"}
{"channel":"sunbird","env":"local.sunbird.portal","level":"info","message":{"msg":"CDN index file exist: false"},"pdata":{"id":"local.sunbird.portal","pid":"sunbird-portal-backend","ver":"4.10.0"},"timestamp":"2024-03-04 09:44:01"}
{"channel":"sunbird","env":"local.sunbird.portal","level":"info","message":{"msg":"CDN index file exist: false"},"pdata":{"id":"local.sunbird.portal","pid":"sunbird-portal-backend","ver":"4.10.0"},"timestamp":"2024-03-04 09:44:06"}
{"channel":"sunbird","env":"local.sunbird.portal","level":"info","message":{"msg":"CDN index file exist: false"},"pdata":{"id":"local.sunbird.portal","pid":"sunbird-portal-backend","ver":"4.10.0"},"timestamp":"2024-03-04 09:46:39"}
{"channel":"sunbird","env":"local.sunbird.portal","level":"info","message":{"msg":"CDN index file exist: false"},"pdata":{"id":"local.sunbird.portal","pid":"sunbird-portal-backend","ver":"4.10.0"},"timestamp":"2024-03-04 09:46:52"}
{"channel":"sunbird","env":"local.sunbird.portal","level":"info","message":{"msg":"CDN index file exist: false"},"pdata":{"id":"local.sunbird.portal","pid":"sunbird-portal-backend","ver":"4.10.0"},"timestamp":"2024-03-04 09:47:33"}
{"channel":"sunbird","env":"local.sunbird.portal","level":"info","message":{"msg":"CDN index file exist: false"},"pdata":{"id":"local.sunbird.portal","pid":"sunbird-portal-backend","ver":"4.10.0"},"timestamp":"2024-03-04 09:47:47"}
{"channel":"sunbird","env":"local.sunbird.portal","level":"info","message":{"msg":"CDN index file exist: false"},"pdata":{"id":"local.sunbird.portal","pid":"sunbird-portal-backend","ver":"4.10.0"},"timestamp":"2024-03-04 09:49:12"}
{"channel":"sunbird","env":"local.sunbird.portal","level":"info","message":{"msg":"CDN index file exist: false"},"pdata":{"id":"local.sunbird.portal","pid":"sunbird-portal-backend","ver":"4.10.0"},"timestamp":"2024-03-04 09:49:35"}
{"channel":"sunbird","env":"local.sunbird.portal","level":"info","message":{"msg":"CDN index file exist: false"},"pdata":{"id":"local.sunbird.portal","pid":"sunbird-portal-backend","ver":"4.10.0"},"timestamp":"2024-03-04 09:49:49"}
{"channel":"sunbird","env":"local.sunbird.portal","level":"info","message":{"msg":"KONG_TOKEN bearer_token_logged_in :: token not requested due to flag set to undefined using default fallback token","originalUrl":"/contents?auth_callback=1&state=1c4b09ef-797c-4d75-b6da-4515168780d6&session_state=96949f1d-e5af-4e63-9b00-1081fd93c78e&code=7ce48e6d-716e-4ddf-8263-f46bfa0e73c2.96949f1d-e5af-4e63-9b00-1081fd93c78e.8c12290d-d62f-48ce-913b-c93bf995ca59","route":"/contents","sessionId":"zQ8-MYwuFp4DtxnU8Hv0v8Jnu2NB7NNp"},"pdata":{"id":"local.sunbird.portal","pid":"sunbird-portal-backend","ver":"4.10.0"},"timestamp":"2024-03-04 09:50:03"}
{"channel":"sunbird","env":"local.sunbird.portal","level":"info","message":{"msg":"KONG_TOKEN refresh_token :: token not requested due to flag set to undefined","originalUrl":"/contents?auth_callback=1&state=1c4b09ef-797c-4d75-b6da-4515168780d6&session_state=96949f1d-e5af-4e63-9b00-1081fd93c78e&code=7ce48e6d-716e-4ddf-8263-f46bfa0e73c2.96949f1d-e5af-4e63-9b00-1081fd93c78e.8c12290d-d62f-48ce-913b-c93bf995ca59","route":"/contents","sessionId":"zQ8-MYwuFp4DtxnU8Hv0v8Jnu2NB7NNp"},"pdata":{"id":"local.sunbird.portal","pid":"sunbird-portal-backend","ver":"4.10.0"},"timestamp":"2024-03-04 09:50:03"}
{"channel":"sunbird","env":"local.sunbird.portal","level":"info","message":{"msg":"getCurrentUserRoles :: Session data set success","session":{"orgs":["0130701891041689600"],"roles":["CONTENT_CREATOR","PUBLIC","ANONYMOUS"],"rootOrgId":"0130701891041689600","userId":"5d757783-a86a-40cd-a814-1b6a16d37cb6","userSid":"zQ8-MYwuFp4DtxnU8Hv0v8Jnu2NB7NNp"}},"pdata":{"id":"local.sunbird.portal","pid":"sunbird-portal-backend","ver":"4.10.0"},"timestamp":"2024-03-04 09:50:04"}
{"channel":"sunbird","env":"local.sunbird.portal","level":"info","message":{"msg":"keycloack authenticated successfully"},"pdata":{"id":"local.sunbird.portal","pid":"sunbird-portal-backend","ver":"4.10.0"},"timestamp":"2024-03-04 09:50:04"}
{"channel":"sunbird","env":"local.sunbird.portal","level":"info","message":{"additionalInfo":{"PORTAL_CDN_URL":"","cdnIndexFileExist":false},"msg":"cdn parameters:"},"pdata":{"id":"local.sunbird.portal","pid":"sunbird-portal-backend","ver":"4.10.0"},"timestamp":"2024-03-04 09:50:04"}
{"channel":"sunbird","env":"local.sunbird.portal","level":"info","message":{"additionalInfo":{"PORTAL_CDN_URL":"","cdnIndexFileExist":false},"msg":"cdn parameters:"},"pdata":{"id":"local.sunbird.portal","pid":"sunbird-portal-backend","ver":"4.10.0"},"timestamp":"2024-03-04 09:50:16"}
{"channel":"sunbird","env":"local.sunbird.portal","level":"info","message":{"msg":"CDN index file exist: false"},"pdata":{"id":"local.sunbird.portal","pid":"sunbird-portal-backend","ver":"4.10.0"},"timestamp":"2024-03-04 09:50:31"}
{"channel":"sunbird","env":"local.sunbird.portal","level":"info","message":{"msg":"CDN index file exist: false"},"pdata":{"id":"local.sunbird.portal","pid":"sunbird-portal-backend","ver":"4.10.0"},"timestamp":"2024-03-04 09:50:41"}
{"channel":"sunbird","env":"local.sunbird.portal","level":"info","message":{"additionalInfo":{"PORTAL_CDN_URL":"","cdnIndexFileExist":false},"msg":"cdn parameters:"},"pdata":{"id":"local.sunbird.portal","pid":"sunbird-portal-backend","ver":"4.10.0"},"timestamp":"2024-03-04 09:50:46"}
{"channel":"sunbird","env":"local.sunbird.portal","level":"info","message":{"additionalInfo":{"PORTAL_CDN_URL":"","cdnIndexFileExist":false},"msg":"cdn parameters:"},"pdata":{"id":"local.sunbird.portal","pid":"sunbird-portal-backend","ver":"4.10.0"},"timestamp":"2024-03-04 09:50:54"}
{"channel":"sunbird","env":"local.sunbird.portal","level":"info","message":{"msg":"CDN index file exist: false"},"pdata":{"id":"local.sunbird.portal","pid":"sunbird-portal-backend","ver":"4.10.0"},"timestamp":"2024-03-04 09:51:34"}
{"channel":"sunbird","env":"local.sunbird.portal","level":"info","message":{"msg":"CDN index file exist: false"},"pdata":{"id":"local.sunbird.portal","pid":"sunbird-portal-backend","ver":"4.10.0"},"timestamp":"2024-03-04 09:52:32"}
{"channel":"sunbird","env":"local.sunbird.portal","level":"info","message":{"msg":"CDN index file exist: false"},"pdata":{"id":"local.sunbird.portal","pid":"sunbird-portal-backend","ver":"4.10.0"},"timestamp":"2024-03-04 09:52:53"}
{"channel":"sunbird","env":"local.sunbird.portal","level":"info","message":{"msg":"CDN index file exist: false"},"pdata":{"id":"local.sunbird.portal","pid":"sunbird-portal-backend","ver":"4.10.0"},"timestamp":"2024-03-04 09:53:04"}
{"channel":"sunbird","env":"local.sunbird.portal","level":"info","message":{"msg":"CDN index file exist: false"},"pdata":{"id":"local.sunbird.portal","pid":"sunbird-portal-backend","ver":"4.10.0"},"timestamp":"2024-03-04 09:53:06"}
{"channel":"sunbird","env":"local.sunbird.portal","level":"info","message":{"msg":"CDN index file exist: false"},"pdata":{"id":"local.sunbird.portal","pid":"sunbird-portal-backend","ver":"4.10.0"},"timestamp":"2024-03-04 09:53:48"}
{"channel":"sunbird","env":"local.sunbird.portal","level":"info","message":{"msg":"CDN index file exist: false"},"pdata":{"id":"local.sunbird.portal","pid":"sunbird-portal-backend","ver":"4.10.0"},"timestamp":"2024-03-04 09:53:52"}
{"channel":"sunbird","env":"local.sunbird.portal","level":"info","message":{"msg":"CDN index file exist: false"},"pdata":{"id":"local.sunbird.portal","pid":"sunbird-portal-backend","ver":"4.10.0"},"timestamp":"2024-03-04 09:53:57"}
{"channel":"sunbird","env":"local.sunbird.portal","level":"info","message":{"msg":"KONG_TOKEN bearer_token_logged_in :: token not requested due to flag set to undefined using default fallback token","originalUrl":"/main-home?auth_callback=1&state=4d56ef6a-371b-4583-a794-cac6589f472a&session_state=274c649f-dd0b-46f7-a5d3-b2fb3e602059&code=e2be55ee-9625-499b-803f-ff45338e51ce.274c649f-dd0b-46f7-a5d3-b2fb3e602059.8c12290d-d62f-48ce-913b-c93bf995ca59","route":"/main-home","sessionId":"sBYjCvBbUzEamfsoBXZDC8iymsbkxV4g"},"pdata":{"id":"local.sunbird.portal","pid":"sunbird-portal-backend","ver":"4.10.0"},"timestamp":"2024-03-04 09:54:02"}
{"channel":"sunbird","env":"local.sunbird.portal","level":"info","message":{"msg":"KONG_TOKEN refresh_token :: token not requested due to flag set to undefined","originalUrl":"/main-home?auth_callback=1&state=4d56ef6a-371b-4583-a794-cac6589f472a&session_state=274c649f-dd0b-46f7-a5d3-b2fb3e602059&code=e2be55ee-9625-499b-803f-ff45338e51ce.274c649f-dd0b-46f7-a5d3-b2fb3e602059.8c12290d-d62f-48ce-913b-c93bf995ca59","route":"/main-home","sessionId":"sBYjCvBbUzEamfsoBXZDC8iymsbkxV4g"},"pdata":{"id":"local.sunbird.portal","pid":"sunbird-portal-backend","ver":"4.10.0"},"timestamp":"2024-03-04 09:54:02"}
{"channel":"sunbird","env":"local.sunbird.portal","level":"info","message":{"msg":"getCurrentUserRoles :: Session data set success","session":{"orgs":["0130701891041689600"],"roles":["CONTENT_CREATOR","PUBLIC","ANONYMOUS"],"rootOrgId":"0130701891041689600","userId":"5d757783-a86a-40cd-a814-1b6a16d37cb6","userSid":"sBYjCvBbUzEamfsoBXZDC8iymsbkxV4g"}},"pdata":{"id":"local.sunbird.portal","pid":"sunbird-portal-backend","ver":"4.10.0"},"timestamp":"2024-03-04 09:54:03"}
{"channel":"sunbird","env":"local.sunbird.portal","level":"info","message":{"msg":"keycloack authenticated successfully"},"pdata":{"id":"local.sunbird.portal","pid":"sunbird-portal-backend","ver":"4.10.0"},"timestamp":"2024-03-04 09:54:03"}
{"channel":"sunbird","env":"local.sunbird.portal","level":"info","message":{"additionalInfo":{"PORTAL_CDN_URL":"","cdnIndexFileExist":false},"msg":"cdn parameters:"},"pdata":{"id":"local.sunbird.portal","pid":"sunbird-portal-backend","ver":"4.10.0"},"timestamp":"2024-03-04 09:54:03"}
{"channel":"sunbird","env":"local.sunbird.portal","level":"info","message":{"additionalInfo":{"PORTAL_CDN_URL":"","cdnIndexFileExist":false},"msg":"cdn parameters:"},"pdata":{"id":"local.sunbird.portal","pid":"sunbird-portal-backend","ver":"4.10.0"},"timestamp":"2024-03-04 09:54:12"}
{"channel":"sunbird","env":"local.sunbird.portal","level":"info","message":{"msg":"CDN index file exist: false"},"pdata":{"id":"local.sunbird.portal","pid":"sunbird-portal-backend","ver":"4.10.0"},"timestamp":"2024-03-04 09:57:42"}
{"channel":"sunbird","env":"local.sunbird.portal","level":"info","message":{"msg":"CDN index file exist: false"},"pdata":{"id":"local.sunbird.portal","pid":"sunbird-portal-backend","ver":"4.10.0"},"timestamp":"2024-03-04 09:58:02"}
{"channel":"sunbird","env":"local.sunbird.portal","level":"info","message":{"msg":"CDN index file exist: false"},"pdata":{"id":"local.sunbird.portal","pid":"sunbird-portal-backend","ver":"4.10.0"},"timestamp":"2024-03-04 09:58:05"}
{"channel":"sunbird","env":"local.sunbird.portal","level":"info","message":{"msg":"CDN index file exist: false"},"pdata":{"id":"local.sunbird.portal","pid":"sunbird-portal-backend","ver":"4.10.0"},"timestamp":"2024-03-04 09:58:35"}
{"channel":"sunbird","env":"local.sunbird.portal","level":"info","message":{"msg":"CDN index file exist: false"},"pdata":{"id":"local.sunbird.portal","pid":"sunbird-portal-backend","ver":"4.10.0"},"timestamp":"2024-03-04 09:58:56"}
{"channel":"sunbird","env":"local.sunbird.portal","level":"info","message":{"msg":"CDN index file exist: false"},"pdata":{"id":"local.sunbird.portal","pid":"sunbird-portal-backend","ver":"4.10.0"},"timestamp":"2024-03-04 09:59:13"}
{"channel":"sunbird","env":"local.sunbird.portal","level":"info","message":{"msg":"CDN index file exist: false"},"pdata":{"id":"local.sunbird.portal","pid":"sunbird-portal-backend","ver":"4.10.0"},"timestamp":"2024-03-04 09:59:25"}
{"channel":"sunbird","env":"local.sunbird.portal","level":"info","message":{"msg":"CDN index file exist: false"},"pdata":{"id":"local.sunbird.portal","pid":"sunbird-portal-backend","ver":"4.10.0"},"timestamp":"2024-03-04 09:59:27"}
{"channel":"sunbird","env":"local.sunbird.portal","level":"info","message":{"msg":"CDN index file exist: false"},"pdata":{"id":"local.sunbird.portal","pid":"sunbird-portal-backend","ver":"4.10.0"},"timestamp":"2024-03-04 10:00:50"}
{"channel":"sunbird","env":"local.sunbird.portal","level":"info","message":{"msg":"CDN index file exist: false"},"pdata":{"id":"local.sunbird.portal","pid":"sunbird-portal-backend","ver":"4.10.0"},"timestamp":"2024-03-04 10:01:01"}
{"channel":"sunbird","env":"local.sunbird.portal","level":"info","message":{"additionalInfo":{"PORTAL_CDN_URL":"","cdnIndexFileExist":false},"msg":"cdn parameters:"},"pdata":{"id":"local.sunbird.portal","pid":"sunbird-portal-backend","ver":"4.10.0"},"timestamp":"2024-03-04 10:01:41"}
{"channel":"sunbird","env":"local.sunbird.portal","level":"info","message":{"additionalInfo":{"PORTAL_CDN_URL":"","cdnIndexFileExist":false},"msg":"cdn parameters:"},"pdata":{"id":"local.sunbird.portal","pid":"sunbird-portal-backend","ver":"4.10.0"},"timestamp":"2024-03-04 10:18:08"}
{"channel":"sunbird","env":"local.sunbird.portal","level":"info","message":{"msg":"CDN index file exist: false"},"pdata":{"id":"local.sunbird.portal","pid":"sunbird-portal-backend","ver":"4.10.0"},"timestamp":"2024-03-04 10:54:51"}
{"channel":"sunbird","env":"local.sunbird.portal","level":"info","message":{"msg":"CDN index file exist: false"},"pdata":{"id":"local.sunbird.portal","pid":"sunbird-portal-backend","ver":"4.10.0"},"timestamp":"2024-03-04 10:55:00"}
{"channel":"sunbird","env":"local.sunbird.portal","level":"info","message":{"msg":"CDN index file exist: false"},"pdata":{"id":"local.sunbird.portal","pid":"sunbird-portal-backend","ver":"4.10.0"},"timestamp":"2024-03-04 10:56:45"}
{"channel":"sunbird","env":"local.sunbird.portal","level":"info","message":{"msg":"CDN index file exist: false"},"pdata":{"id":"local.sunbird.portal","pid":"sunbird-portal-backend","ver":"4.10.0"},"timestamp":"2024-03-04 10:57:04"}
{"channel":"sunbird","env":"local.sunbird.portal","level":"info","message":{"msg":"CDN index file exist: false"},"pdata":{"id":"local.sunbird.portal","pid":"sunbird-portal-backend","ver":"4.10.0"},"timestamp":"2024-03-04 10:57:56"}
{"channel":"sunbird","env":"local.sunbird.portal","level":"info","message":{"msg":"CDN index file exist: false"},"pdata":{"id":"local.sunbird.portal","pid":"sunbird-portal-backend","ver":"4.10.0"},"timestamp":"2024-03-04 10:58:22"}
{"channel":"sunbird","env":"local.sunbird.portal","level":"info","message":{"msg":"CDN index file exist: false"},"pdata":{"id":"local.sunbird.portal","pid":"sunbird-portal-backend","ver":"4.10.0"},"timestamp":"2024-03-04 10:59:51"}
{"channel":"sunbird","env":"local.sunbird.portal","level":"info","message":{"msg":"CDN index file exist: false"},"pdata":{"id":"local.sunbird.portal","pid":"sunbird-portal-backend","ver":"4.10.0"},"timestamp":"2024-03-04 11:00:03"}
{"channel":"sunbird","env":"local.sunbird.portal","level":"info","message":{"msg":"CDN index file exist: false"},"pdata":{"id":"local.sunbird.portal","pid":"sunbird-portal-backend","ver":"4.10.0"},"timestamp":"2024-03-04 11:00:06"}
{"channel":"sunbird","env":"local.sunbird.portal","level":"info","message":{"msg":"CDN index file exist: false"},"pdata":{"id":"local.sunbird.portal","pid":"sunbird-portal-backend","ver":"4.10.0"},"timestamp":"2024-03-04 11:00:34"}
{"channel":"sunbird","env":"local.sunbird.portal","level":"info","message":{"msg":"CDN index file exist: false"},"pdata":{"id":"local.sunbird.portal","pid":"sunbird-portal-backend","ver":"4.10.0"},"timestamp":"2024-03-04 11:00:39"}
{"channel":"sunbird","env":"local.sunbird.portal","level":"info","message":{"msg":"CDN index file exist: false"},"pdata":{"id":"local.sunbird.portal","pid":"sunbird-portal-backend","ver":"4.10.0"},"timestamp":"2024-03-04 11:00:50"}
{"channel":"sunbird","env":"local.sunbird.portal","level":"info","message":{"msg":"CDN index file exist: false"},"pdata":{"id":"local.sunbird.portal","pid":"sunbird-portal-backend","ver":"4.10.0"},"timestamp":"2024-03-04 11:00:53"}
{"channel":"sunbird","env":"local.sunbird.portal","level":"info","message":{"msg":"CDN index file exist: false"},"pdata":{"id":"local.sunbird.portal","pid":"sunbird-portal-backend","ver":"4.10.0"},"timestamp":"2024-03-04 11:01:19"}
{"channel":"sunbird","env":"local.sunbird.portal","level":"info","message":{"msg":"CDN index file exist: false"},"pdata":{"id":"local.sunbird.portal","pid":"sunbird-portal-backend","ver":"4.10.0"},"timestamp":"2024-03-04 11:02:58"}
{"channel":"sunbird","env":"local.sunbird.portal","level":"info","message":{"msg":"CDN index file exist: false"},"pdata":{"id":"local.sunbird.portal","pid":"sunbird-portal-backend","ver":"4.10.0"},"timestamp":"2024-03-04 11:03:10"}
{"channel":"sunbird","env":"local.sunbird.portal","level":"info","message":{"msg":"CDN index file exist: false"},"pdata":{"id":"local.sunbird.portal","pid":"sunbird-portal-backend","ver":"4.10.0"},"timestamp":"2024-03-04 11:04:11"}
{"channel":"sunbird","env":"local.sunbird.portal","level":"info","message":{"msg":"CDN index file exist: false"},"pdata":{"id":"local.sunbird.portal","pid":"sunbird-portal-backend","ver":"4.10.0"},"timestamp":"2024-03-04 11:04:24"}
{"channel":"sunbird","env":"local.sunbird.portal","level":"info","message":{"msg":"CDN index file exist: false"},"pdata":{"id":"local.sunbird.portal","pid":"sunbird-portal-backend","ver":"4.10.0"},"timestamp":"2024-03-04 11:05:30"}
{"channel":"sunbird","env":"local.sunbird.portal","level":"info","message":{"msg":"CDN index file exist: false"},"pdata":{"id":"local.sunbird.portal","pid":"sunbird-portal-backend","ver":"4.10.0"},"timestamp":"2024-03-04 11:05:38"}
{"channel":"sunbird","env":"local.sunbird.portal","level":"info","message":{"additionalInfo":{"PORTAL_CDN_URL":"","cdnIndexFileExist":false},"msg":"cdn parameters:"},"pdata":{"id":"local.sunbird.portal","pid":"sunbird-portal-backend","ver":"4.10.0"},"timestamp":"2024-03-04 11:05:49"}
{"channel":"sunbird","env":"local.sunbird.portal","level":"info","message":{"msg":"CDN index file exist: false"},"pdata":{"id":"local.sunbird.portal","pid":"sunbird-portal-backend","ver":"4.10.0"},"timestamp":"2024-03-04 11:09:21"}
{"channel":"sunbird","env":"local.sunbird.portal","level":"info","message":{"msg":"CDN index file exist: false"},"pdata":{"id":"local.sunbird.portal","pid":"sunbird-portal-backend","ver":"4.10.0"},"timestamp":"2024-03-04 11:09:48"}
{"channel":"sunbird","env":"local.sunbird.portal","level":"info","message":{"msg":"CDN index file exist: false"},"pdata":{"id":"local.sunbird.portal","pid":"sunbird-portal-backend","ver":"4.10.0"},"timestamp":"2024-03-04 11:09:59"}
{"channel":"sunbird","env":"local.sunbird.portal","level":"info","message":{"msg":"CDN index file exist: false"},"pdata":{"id":"local.sunbird.portal","pid":"sunbird-portal-backend","ver":"4.10.0"},"timestamp":"2024-03-04 11:10:02"}
{"channel":"sunbird","env":"local.sunbird.portal","level":"info","message":{"msg":"CDN index file exist: false"},"pdata":{"id":"local.sunbird.portal","pid":"sunbird-portal-backend","ver":"4.10.0"},"timestamp":"2024-03-04 11:10:46"}
{"channel":"sunbird","env":"local.sunbird.portal","level":"info","message":{"msg":"CDN index file exist: false"},"pdata":{"id":"local.sunbird.portal","pid":"sunbird-portal-backend","ver":"4.10.0"},"timestamp":"2024-03-04 11:10:50"}
{"channel":"sunbird","env":"local.sunbird.portal","level":"info","message":{"msg":"CDN index file exist: false"},"pdata":{"id":"local.sunbird.portal","pid":"sunbird-portal-backend","ver":"4.10.0"},"timestamp":"2024-03-04 11:10:53"}
{"channel":"sunbird","env":"local.sunbird.portal","level":"info","message":{"msg":"CDN index file exist: false"},"pdata":{"id":"local.sunbird.portal","pid":"sunbird-portal-backend","ver":"4.10.0"},"timestamp":"2024-03-04 11:10:56"}
{"channel":"sunbird","env":"local.sunbird.portal","level":"info","message":{"additionalInfo":{"PORTAL_CDN_URL":"","cdnIndexFileExist":false},"msg":"cdn parameters:"},"pdata":{"id":"local.sunbird.portal","pid":"sunbird-portal-backend","ver":"4.10.0"},"timestamp":"2024-03-04 11:11:56"}
{"channel":"sunbird","env":"local.sunbird.portal","level":"info","message":{"msg":"CDN index file exist: false"},"pdata":{"id":"local.sunbird.portal","pid":"sunbird-portal-backend","ver":"4.10.0"},"timestamp":"2024-03-04 11:18:39"}
{"channel":"sunbird","env":"local.sunbird.portal","level":"info","message":{"msg":"CDN index file exist: false"},"pdata":{"id":"local.sunbird.portal","pid":"sunbird-portal-backend","ver":"4.10.0"},"timestamp":"2024-03-04 11:19:10"}
{"channel":"sunbird","env":"local.sunbird.portal","level":"info","message":{"msg":"CDN index file exist: false"},"pdata":{"id":"local.sunbird.portal","pid":"sunbird-portal-backend","ver":"4.10.0"},"timestamp":"2024-03-04 11:19:24"}
{"channel":"sunbird","env":"local.sunbird.portal","level":"info","message":{"msg":"CDN index file exist: false"},"pdata":{"id":"local.sunbird.portal","pid":"sunbird-portal-backend","ver":"4.10.0"},"timestamp":"2024-03-04 11:20:03"}
{"channel":"sunbird","env":"local.sunbird.portal","level":"info","message":{"msg":"CDN index file exist: false"},"pdata":{"id":"local.sunbird.portal","pid":"sunbird-portal-backend","ver":"4.10.0"},"timestamp":"2024-03-04 11:20:12"}
{"channel":"sunbird","env":"local.sunbird.portal","level":"info","message":{"additionalInfo":{"PORTAL_CDN_URL":"","cdnIndexFileExist":false},"msg":"cdn parameters:"},"pdata":{"id":"local.sunbird.portal","pid":"sunbird-portal-backend","ver":"4.10.0"},"timestamp":"2024-03-04 11:20:34"}
{"channel":"sunbird","env":"local.sunbird.portal","level":"info","message":{"msg":"CDN index file exist: false"},"pdata":{"id":"local.sunbird.portal","pid":"sunbird-portal-backend","ver":"4.10.0"},"timestamp":"2024-03-04 11:21:24"}
{"channel":"sunbird","env":"local.sunbird.portal","level":"info","message":{"msg":"CDN index file exist: false"},"pdata":{"id":"local.sunbird.portal","pid":"sunbird-portal-backend","ver":"4.10.0"},"timestamp":"2024-03-04 11:21:40"}
{"channel":"sunbird","env":"local.sunbird.portal","level":"info","message":{"msg":"CDN index file exist: false"},"pdata":{"id":"local.sunbird.portal","pid":"sunbird-portal-backend","ver":"4.10.0"},"timestamp":"2024-03-04 11:22:01"}
{"channel":"sunbird","env":"local.sunbird.portal","level":"info","message":{"msg":"CDN index file exist: false"},"pdata":{"id":"local.sunbird.portal","pid":"sunbird-portal-backend","ver":"4.10.0"},"timestamp":"2024-03-04 11:22:23"}
{"channel":"sunbird","env":"local.sunbird.portal","level":"info","message":{"msg":"CDN index file exist: false"},"pdata":{"id":"local.sunbird.portal","pid":"sunbird-portal-backend","ver":"4.10.0"},"timestamp":"2024-03-04 11:22:43"}
{"channel":"sunbird","env":"local.sunbird.portal","level":"info","message":{"msg":"CDN index file exist: false"},"pdata":{"id":"local.sunbird.portal","pid":"sunbird-portal-backend","ver":"4.10.0"},"timestamp":"2024-03-04 11:22:50"}
{"channel":"sunbird","env":"local.sunbird.portal","level":"info","message":{"msg":"CDN index file exist: false"},"pdata":{"id":"local.sunbird.portal","pid":"sunbird-portal-backend","ver":"4.10.0"},"timestamp":"2024-03-04 11:23:03"}
{"channel":"sunbird","env":"local.sunbird.portal","level":"info","message":{"msg":"CDN index file exist: false"},"pdata":{"id":"local.sunbird.portal","pid":"sunbird-portal-backend","ver":"4.10.0"},"timestamp":"2024-03-04 11:23:18"}
{"channel":"sunbird","env":"local.sunbird.portal","level":"info","message":{"msg":"CDN index file exist: false"},"pdata":{"id":"local.sunbird.portal","pid":"sunbird-portal-backend","ver":"4.10.0"},"timestamp":"2024-03-04 11:23:41"}
{"channel":"sunbird","env":"local.sunbird.portal","level":"info","message":{"msg":"CDN index file exist: false"},"pdata":{"id":"local.sunbird.portal","pid":"sunbird-portal-backend","ver":"4.10.0"},"timestamp":"2024-03-04 11:23:46"}
{"channel":"sunbird","env":"local.sunbird.portal","level":"info","message":{"msg":"CDN index file exist: false"},"pdata":{"id":"local.sunbird.portal","pid":"sunbird-portal-backend","ver":"4.10.0"},"timestamp":"2024-03-04 11:23:53"}
{"channel":"sunbird","env":"local.sunbird.portal","level":"info","message":{"msg":"CDN index file exist: false"},"pdata":{"id":"local.sunbird.portal","pid":"sunbird-portal-backend","ver":"4.10.0"},"timestamp":"2024-03-04 11:24:12"}
{"channel":"sunbird","env":"local.sunbird.portal","level":"info","message":{"msg":"CDN index file exist: false"},"pdata":{"id":"local.sunbird.portal","pid":"sunbird-portal-backend","ver":"4.10.0"},"timestamp":"2024-03-04 11:24:22"}
{"channel":"sunbird","env":"local.sunbird.portal","level":"info","message":{"msg":"CDN index file exist: false"},"pdata":{"id":"local.sunbird.portal","pid":"sunbird-portal-backend","ver":"4.10.0"},"timestamp":"2024-03-04 11:24:25"}
{"channel":"sunbird","env":"local.sunbird.portal","level":"info","message":{"msg":"CDN index file exist: false"},"pdata":{"id":"local.sunbird.portal","pid":"sunbird-portal-backend","ver":"4.10.0"},"timestamp":"2024-03-04 11:25:05"}
{"channel":"sunbird","env":"local.sunbird.portal","level":"info","message":{"msg":"CDN index file exist: false"},"pdata":{"id":"local.sunbird.portal","pid":"sunbird-portal-backend","ver":"4.10.0"},"timestamp":"2024-03-04 11:25:14"}
{"channel":"sunbird","env":"local.sunbird.portal","level":"info","message":{"additionalInfo":{"PORTAL_CDN_URL":"","cdnIndexFileExist":false},"msg":"cdn parameters:"},"pdata":{"id":"local.sunbird.portal","pid":"sunbird-portal-backend","ver":"4.10.0"},"timestamp":"2024-03-04 11:29:12"}
{"channel":"sunbird","env":"local.sunbird.portal","level":"info","message":{"msg":"CDN index file exist: false"},"pdata":{"id":"local.sunbird.portal","pid":"sunbird-portal-backend","ver":"4.10.0"},"timestamp":"2024-03-04 11:31:30"}
{"channel":"sunbird","env":"local.sunbird.portal","level":"info","message":{"msg":"CDN index file exist: false"},"pdata":{"id":"local.sunbird.portal","pid":"sunbird-portal-backend","ver":"4.10.0"},"timestamp":"2024-03-04 11:31:57"}
{"channel":"sunbird","env":"local.sunbird.portal","level":"info","message":{"msg":"CDN index file exist: false"},"pdata":{"id":"local.sunbird.portal","pid":"sunbird-portal-backend","ver":"4.10.0"},"timestamp":"2024-03-04 11:32:01"}
{"channel":"sunbird","env":"local.sunbird.portal","level":"info","message":{"msg":"CDN index file exist: false"},"pdata":{"id":"local.sunbird.portal","pid":"sunbird-portal-backend","ver":"4.10.0"},"timestamp":"2024-03-04 11:32:08"}
{"channel":"sunbird","env":"local.sunbird.portal","level":"info","message":{"msg":"CDN index file exist: false"},"pdata":{"id":"local.sunbird.portal","pid":"sunbird-portal-backend","ver":"4.10.0"},"timestamp":"2024-03-04 11:32:15"}
{"channel":"sunbird","env":"local.sunbird.portal","level":"info","message":{"msg":"CDN index file exist: false"},"pdata":{"id":"local.sunbird.portal","pid":"sunbird-portal-backend","ver":"4.10.0"},"timestamp":"2024-03-04 11:32:32"}
{"channel":"sunbird","env":"local.sunbird.portal","level":"info","message":{"msg":"CDN index file exist: false"},"pdata":{"id":"local.sunbird.portal","pid":"sunbird-portal-backend","ver":"4.10.0"},"timestamp":"2024-03-04 11:32:46"}
{"channel":"sunbird","env":"local.sunbird.portal","level":"info","message":{"msg":"CDN index file exist: false"},"pdata":{"id":"local.sunbird.portal","pid":"sunbird-portal-backend","ver":"4.10.0"},"timestamp":"2024-03-04 11:33:31"}
{"channel":"sunbird","env":"local.sunbird.portal","level":"info","message":{"msg":"CDN index file exist: false"},"pdata":{"id":"local.sunbird.portal","pid":"sunbird-portal-backend","ver":"4.10.0"},"timestamp":"2024-03-04 11:33:35"}
{"channel":"sunbird","env":"local.sunbird.portal","level":"info","message":{"msg":"CDN index file exist: false"},"pdata":{"id":"local.sunbird.portal","pid":"sunbird-portal-backend","ver":"4.10.0"},"timestamp":"2024-03-04 11:33:38"}
{"channel":"sunbird","env":"local.sunbird.portal","level":"info","message":{"msg":"CDN index file exist: false"},"pdata":{"id":"local.sunbird.portal","pid":"sunbird-portal-backend","ver":"4.10.0"},"timestamp":"2024-03-04 11:33:41"}
{"channel":"sunbird","env":"local.sunbird.portal","level":"info","message":{"additionalInfo":{"PORTAL_CDN_URL":"","cdnIndexFileExist":false},"msg":"cdn parameters:"},"pdata":{"id":"local.sunbird.portal","pid":"sunbird-portal-backend","ver":"4.10.0"},"timestamp":"2024-03-04 11:37:00"}
{"channel":"sunbird","env":"local.sunbird.portal","level":"info","message":{"msg":"CDN index file exist: false"},"pdata":{"id":"local.sunbird.portal","pid":"sunbird-portal-backend","ver":"4.10.0"},"timestamp":"2024-03-04 11:38:50"}
{"channel":"sunbird","env":"local.sunbird.portal","level":"info","message":{"msg":"CDN index file exist: false"},"pdata":{"id":"local.sunbird.portal","pid":"sunbird-portal-backend","ver":"4.10.0"},"timestamp":"2024-03-04 11:43:32"}
{"channel":"sunbird","env":"local.sunbird.portal","level":"info","message":{"msg":"CDN index file exist: false"},"pdata":{"id":"local.sunbird.portal","pid":"sunbird-portal-backend","ver":"4.10.0"},"timestamp":"2024-03-04 11:43:54"}
{"channel":"sunbird","env":"local.sunbird.portal","level":"info","message":{"msg":"CDN index file exist: false"},"pdata":{"id":"local.sunbird.portal","pid":"sunbird-portal-backend","ver":"4.10.0"},"timestamp":"2024-03-04 11:44:18"}
{"channel":"sunbird","env":"local.sunbird.portal","level":"info","message":{"msg":"CDN index file exist: false"},"pdata":{"id":"local.sunbird.portal","pid":"sunbird-portal-backend","ver":"4.10.0"},"timestamp":"2024-03-04 11:50:48"}
{"channel":"sunbird","env":"local.sunbird.portal","level":"info","message":{"msg":"CDN index file exist: false"},"pdata":{"id":"local.sunbird.portal","pid":"sunbird-portal-backend","ver":"4.10.0"},"timestamp":"2024-03-04 11:51:00"}
{"channel":"sunbird","env":"local.sunbird.portal","level":"info","message":{"msg":"CDN index file exist: false"},"pdata":{"id":"local.sunbird.portal","pid":"sunbird-portal-backend","ver":"4.10.0"},"timestamp":"2024-03-04 11:51:05"}
{"channel":"sunbird","env":"local.sunbird.portal","level":"info","message":{"msg":"CDN index file exist: false"},"pdata":{"id":"local.sunbird.portal","pid":"sunbird-portal-backend","ver":"4.10.0"},"timestamp":"2024-03-04 11:51:56"}
{"channel":"sunbird","env":"local.sunbird.portal","level":"info","message":{"msg":"CDN index file exist: false"},"pdata":{"id":"local.sunbird.portal","pid":"sunbird-portal-backend","ver":"4.10.0"},"timestamp":"2024-03-04 11:52:07"}
{"channel":"sunbird","env":"local.sunbird.portal","level":"info","message":{"msg":"CDN index file exist: false"},"pdata":{"id":"local.sunbird.portal","pid":"sunbird-portal-backend","ver":"4.10.0"},"timestamp":"2024-03-04 11:52:49"}
{"channel":"sunbird","env":"local.sunbird.portal","level":"info","message":{"msg":"CDN index file exist: false"},"pdata":{"id":"local.sunbird.portal","pid":"sunbird-portal-backend","ver":"4.10.0"},"timestamp":"2024-03-04 11:53:00"}
{"channel":"sunbird","env":"local.sunbird.portal","level":"info","message":{"msg":"CDN index file exist: false"},"pdata":{"id":"local.sunbird.portal","pid":"sunbird-portal-backend","ver":"4.10.0"},"timestamp":"2024-03-04 11:53:15"}
{"channel":"sunbird","env":"local.sunbird.portal","level":"info","message":{"msg":"CDN index file exist: false"},"pdata":{"id":"local.sunbird.portal","pid":"sunbird-portal-backend","ver":"4.10.0"},"timestamp":"2024-03-04 11:53:29"}
{"channel":"sunbird","env":"local.sunbird.portal","level":"info","message":{"msg":"CDN index file exist: false"},"pdata":{"id":"local.sunbird.portal","pid":"sunbird-portal-backend","ver":"4.10.0"},"timestamp":"2024-03-04 11:54:16"}
{"channel":"sunbird","env":"local.sunbird.portal","level":"info","message":{"msg":"CDN index file exist: false"},"pdata":{"id":"local.sunbird.portal","pid":"sunbird-portal-backend","ver":"4.10.0"},"timestamp":"2024-03-04 11:54:55"}
{"channel":"sunbird","env":"local.sunbird.portal","level":"info","message":{"msg":"CDN index file exist: false"},"pdata":{"id":"local.sunbird.portal","pid":"sunbird-portal-backend","ver":"4.10.0"},"timestamp":"2024-03-04 11:55:05"}
{"channel":"sunbird","env":"local.sunbird.portal","level":"info","message":{"msg":"CDN index file exist: false"},"pdata":{"id":"local.sunbird.portal","pid":"sunbird-portal-backend","ver":"4.10.0"},"timestamp":"2024-03-04 11:55:07"}
{"channel":"sunbird","env":"local.sunbird.portal","level":"info","message":{"msg":"CDN index file exist: false"},"pdata":{"id":"local.sunbird.portal","pid":"sunbird-portal-backend","ver":"4.10.0"},"timestamp":"2024-03-04 11:55:46"}
{"channel":"sunbird","env":"local.sunbird.portal","level":"info","message":{"msg":"CDN index file exist: false"},"pdata":{"id":"local.sunbird.portal","pid":"sunbird-portal-backend","ver":"4.10.0"},"timestamp":"2024-03-04 11:55:54"}
{"channel":"sunbird","env":"local.sunbird.portal","level":"info","message":{"additionalInfo":{"PORTAL_CDN_URL":"","cdnIndexFileExist":false},"msg":"cdn parameters:"},"pdata":{"id":"local.sunbird.portal","pid":"sunbird-portal-backend","ver":"4.10.0"},"timestamp":"2024-03-04 11:55:57"}
{"channel":"sunbird","env":"local.sunbird.portal","level":"info","message":{"msg":"CDN index file exist: false"},"pdata":{"id":"local.sunbird.portal","pid":"sunbird-portal-backend","ver":"4.10.0"},"timestamp":"2024-03-04 11:59:29"}
{"channel":"sunbird","env":"local.sunbird.portal","level":"info","message":{"msg":"CDN index file exist: false"},"pdata":{"id":"local.sunbird.portal","pid":"sunbird-portal-backend","ver":"4.10.0"},"timestamp":"2024-03-04 12:02:30"}
{"channel":"sunbird","env":"local.sunbird.portal","level":"info","message":{"msg":"CDN index file exist: false"},"pdata":{"id":"local.sunbird.portal","pid":"sunbird-portal-backend","ver":"4.10.0"},"timestamp":"2024-03-04 12:02:41"}
{"channel":"sunbird","env":"local.sunbird.portal","level":"info","message":{"msg":"CDN index file exist: false"},"pdata":{"id":"local.sunbird.portal","pid":"sunbird-portal-backend","ver":"4.10.0"},"timestamp":"2024-03-04 12:02:44"}
{"channel":"sunbird","env":"local.sunbird.portal","level":"info","message":{"msg":"CDN index file exist: false"},"pdata":{"id":"local.sunbird.portal","pid":"sunbird-portal-backend","ver":"4.10.0"},"timestamp":"2024-03-04 12:03:28"}
{"channel":"sunbird","env":"local.sunbird.portal","level":"info","message":{"msg":"CDN index file exist: false"},"pdata":{"id":"local.sunbird.portal","pid":"sunbird-portal-backend","ver":"4.10.0"},"timestamp":"2024-03-04 12:03:36"}
{"channel":"sunbird","env":"local.sunbird.portal","level":"info","message":{"additionalInfo":{"PORTAL_CDN_URL":"","cdnIndexFileExist":false},"msg":"cdn parameters:"},"pdata":{"id":"local.sunbird.portal","pid":"sunbird-portal-backend","ver":"4.10.0"},"timestamp":"2024-03-04 12:05:54"}
{"channel":"sunbird","env":"local.sunbird.portal","level":"info","message":{"additionalInfo":{"PORTAL_CDN_URL":"","cdnIndexFileExist":false},"msg":"cdn parameters:"},"pdata":{"id":"local.sunbird.portal","pid":"sunbird-portal-backend","ver":"4.10.0"},"timestamp":"2024-03-04 12:10:39"}
{"channel":"sunbird","env":"local.sunbird.portal","level":"info","message":{"additionalInfo":{"PORTAL_CDN_URL":"","cdnIndexFileExist":false},"msg":"cdn parameters:"},"pdata":{"id":"local.sunbird.portal","pid":"sunbird-portal-backend","ver":"4.10.0"},"timestamp":"2024-03-04 12:32:17"}
{"channel":"sunbird","env":"local.sunbird.portal","level":"info","message":{"msg":"CDN index file exist: false"},"pdata":{"id":"local.sunbird.portal","pid":"sunbird-portal-backend","ver":"4.10.0"},"timestamp":"2024-03-04 12:32:37"}
{"channel":"sunbird","env":"local.sunbird.portal","level":"info","message":{"msg":"CDN index file exist: false"},"pdata":{"id":"local.sunbird.portal","pid":"sunbird-portal-backend","ver":"4.10.0"},"timestamp":"2024-03-04 12:32:59"}
{"channel":"sunbird","env":"local.sunbird.portal","level":"info","message":{"msg":"CDN index file exist: false"},"pdata":{"id":"local.sunbird.portal","pid":"sunbird-portal-backend","ver":"4.10.0"},"timestamp":"2024-03-04 12:33:07"}
{"channel":"sunbird","env":"local.sunbird.portal","level":"info","message":{"msg":"CDN index file exist: false"},"pdata":{"id":"local.sunbird.portal","pid":"sunbird-portal-backend","ver":"4.10.0"},"timestamp":"2024-03-04 12:33:23"}
{"channel":"sunbird","env":"local.sunbird.portal","level":"info","message":{"msg":"CDN index file exist: false"},"pdata":{"id":"local.sunbird.portal","pid":"sunbird-portal-backend","ver":"4.10.0"},"timestamp":"2024-03-04 12:33:41"}
{"channel":"sunbird","env":"local.sunbird.portal","level":"info","message":{"msg":"CDN index file exist: false"},"pdata":{"id":"local.sunbird.portal","pid":"sunbird-portal-backend","ver":"4.10.0"},"timestamp":"2024-03-04 12:33:54"}
{"channel":"sunbird","env":"local.sunbird.portal","level":"info","message":{"msg":"CDN index file exist: false"},"pdata":{"id":"local.sunbird.portal","pid":"sunbird-portal-backend","ver":"4.10.0"},"timestamp":"2024-03-04 12:34:32"}
{"channel":"sunbird","env":"local.sunbird.portal","level":"info","message":{"msg":"CDN index file exist: false"},"pdata":{"id":"local.sunbird.portal","pid":"sunbird-portal-backend","ver":"4.10.0"},"timestamp":"2024-03-04 12:34:38"}
{"channel":"sunbird","env":"local.sunbird.portal","level":"info","message":{"additionalInfo":{"PORTAL_CDN_URL":"","cdnIndexFileExist":false},"msg":"cdn parameters:"},"pdata":{"id":"local.sunbird.portal","pid":"sunbird-portal-backend","ver":"4.10.0"},"timestamp":"2024-03-04 12:37:06"}
{"channel":"sunbird","env":"local.sunbird.portal","level":"info","message":{"msg":"CDN index file exist: false"},"pdata":{"id":"local.sunbird.portal","pid":"sunbird-portal-backend","ver":"4.10.0"},"timestamp":"2024-03-04 14:13:35"}
{"channel":"sunbird","env":"local.sunbird.portal","level":"info","message":{"msg":"CDN index file exist: false"},"pdata":{"id":"local.sunbird.portal","pid":"sunbird-portal-backend","ver":"4.10.0"},"timestamp":"2024-03-04 14:17:09"}
{"channel":"sunbird","env":"local.sunbird.portal","level":"info","message":{"msg":"CDN index file exist: false"},"pdata":{"id":"local.sunbird.portal","pid":"sunbird-portal-backend","ver":"4.10.0"},"timestamp":"2024-03-04 14:18:04"}
{"channel":"sunbird","env":"local.sunbird.portal","level":"info","message":{"msg":"CDN index file exist: false"},"pdata":{"id":"local.sunbird.portal","pid":"sunbird-portal-backend","ver":"4.10.0"},"timestamp":"2024-03-04 14:18:16"}
{"channel":"sunbird","env":"local.sunbird.portal","level":"info","message":{"msg":"CDN index file exist: false"},"pdata":{"id":"local.sunbird.portal","pid":"sunbird-portal-backend","ver":"4.10.0"},"timestamp":"2024-03-04 14:18:29"}
{"channel":"sunbird","env":"local.sunbird.portal","level":"info","message":{"msg":"CDN index file exist: false"},"pdata":{"id":"local.sunbird.portal","pid":"sunbird-portal-backend","ver":"4.10.0"},"timestamp":"2024-03-04 14:19:30"}
{"channel":"sunbird","env":"local.sunbird.portal","level":"info","message":{"msg":"CDN index file exist: false"},"pdata":{"id":"local.sunbird.portal","pid":"sunbird-portal-backend","ver":"4.10.0"},"timestamp":"2024-03-04 14:19:36"}
{"channel":"sunbird","env":"local.sunbird.portal","level":"info","message":{"msg":"CDN index file exist: false"},"pdata":{"id":"local.sunbird.portal","pid":"sunbird-portal-backend","ver":"4.10.0"},"timestamp":"2024-03-04 14:19:40"}
{"channel":"sunbird","env":"local.sunbird.portal","level":"info","message":{"msg":"CDN index file exist: false"},"pdata":{"id":"local.sunbird.portal","pid":"sunbird-portal-backend","ver":"4.10.0"},"timestamp":"2024-03-04 14:21:07"}
{"channel":"sunbird","env":"local.sunbird.portal","level":"info","message":{"msg":"CDN index file exist: false"},"pdata":{"id":"local.sunbird.portal","pid":"sunbird-portal-backend","ver":"4.10.0"},"timestamp":"2024-03-04 14:21:20"}
{"channel":"sunbird","env":"local.sunbird.portal","level":"info","message":{"msg":"CDN index file exist: false"},"pdata":{"id":"local.sunbird.portal","pid":"sunbird-portal-backend","ver":"4.10.0"},"timestamp":"2024-03-04 14:21:30"}
{"channel":"sunbird","env":"local.sunbird.portal","level":"info","message":{"msg":"CDN index file exist: false"},"pdata":{"id":"local.sunbird.portal","pid":"sunbird-portal-backend","ver":"4.10.0"},"timestamp":"2024-03-04 14:21:39"}
{"channel":"sunbird","env":"local.sunbird.portal","level":"info","message":{"msg":"CDN index file exist: false"},"pdata":{"id":"local.sunbird.portal","pid":"sunbird-portal-backend","ver":"4.10.0"},"timestamp":"2024-03-04 14:21:48"}
{"channel":"sunbird","env":"local.sunbird.portal","level":"info","message":{"msg":"CDN index file exist: false"},"pdata":{"id":"local.sunbird.portal","pid":"sunbird-portal-backend","ver":"4.10.0"},"timestamp":"2024-03-04 14:22:17"}
{"channel":"sunbird","env":"local.sunbird.portal","level":"info","message":{"msg":"CDN index file exist: false"},"pdata":{"id":"local.sunbird.portal","pid":"sunbird-portal-backend","ver":"4.10.0"},"timestamp":"2024-03-04 14:23:00"}
{"channel":"sunbird","env":"local.sunbird.portal","level":"info","message":{"msg":"CDN index file exist: false"},"pdata":{"id":"local.sunbird.portal","pid":"sunbird-portal-backend","ver":"4.10.0"},"timestamp":"2024-03-04 14:23:07"}
{"channel":"sunbird","env":"local.sunbird.portal","level":"info","message":{"msg":"CDN index file exist: false"},"pdata":{"id":"local.sunbird.portal","pid":"sunbird-portal-backend","ver":"4.10.0"},"timestamp":"2024-03-04 14:24:04"}
{"channel":"sunbird","env":"local.sunbird.portal","level":"info","message":{"msg":"CDN index file exist: false"},"pdata":{"id":"local.sunbird.portal","pid":"sunbird-portal-backend","ver":"4.10.0"},"timestamp":"2024-03-04 14:24:24"}
{"channel":"sunbird","env":"local.sunbird.portal","level":"info","message":{"msg":"CDN index file exist: false"},"pdata":{"id":"local.sunbird.portal","pid":"sunbird-portal-backend","ver":"4.10.0"},"timestamp":"2024-03-04 14:24:29"}
{"channel":"sunbird","env":"local.sunbird.portal","level":"info","message":{"msg":"CDN index file exist: false"},"pdata":{"id":"local.sunbird.portal","pid":"sunbird-portal-backend","ver":"4.10.0"},"timestamp":"2024-03-04 14:24:47"}
{"channel":"sunbird","env":"local.sunbird.portal","level":"info","message":{"msg":"CDN index file exist: false"},"pdata":{"id":"local.sunbird.portal","pid":"sunbird-portal-backend","ver":"4.10.0"},"timestamp":"2024-03-04 14:26:41"}
{"channel":"sunbird","env":"local.sunbird.portal","level":"info","message":{"msg":"CDN index file exist: false"},"pdata":{"id":"local.sunbird.portal","pid":"sunbird-portal-backend","ver":"4.10.0"},"timestamp":"2024-03-04 14:27:05"}
{"channel":"sunbird","env":"local.sunbird.portal","level":"info","message":{"msg":"CDN index file exist: false"},"pdata":{"id":"local.sunbird.portal","pid":"sunbird-portal-backend","ver":"4.10.0"},"timestamp":"2024-03-04 14:27:19"}
{"channel":"sunbird","env":"local.sunbird.portal","level":"info","message":{"msg":"CDN index file exist: false"},"pdata":{"id":"local.sunbird.portal","pid":"sunbird-portal-backend","ver":"4.10.0"},"timestamp":"2024-03-04 14:27:36"}
{"channel":"sunbird","env":"local.sunbird.portal","level":"info","message":{"msg":"CDN index file exist: false"},"pdata":{"id":"local.sunbird.portal","pid":"sunbird-portal-backend","ver":"4.10.0"},"timestamp":"2024-03-04 14:27:46"}
{"channel":"sunbird","env":"local.sunbird.portal","level":"info","message":{"msg":"CDN index file exist: false"},"pdata":{"id":"local.sunbird.portal","pid":"sunbird-portal-backend","ver":"4.10.0"},"timestamp":"2024-03-04 14:30:29"}
{"channel":"sunbird","env":"local.sunbird.portal","level":"info","message":{"msg":"CDN index file exist: false"},"pdata":{"id":"local.sunbird.portal","pid":"sunbird-portal-backend","ver":"4.10.0"},"timestamp":"2024-03-04 14:30:34"}
{"channel":"sunbird","env":"local.sunbird.portal","level":"info","message":{"msg":"CDN index file exist: false"},"pdata":{"id":"local.sunbird.portal","pid":"sunbird-portal-backend","ver":"4.10.0"},"timestamp":"2024-03-04 14:30:38"}
{"channel":"sunbird","env":"local.sunbird.portal","level":"info","message":{"msg":"CDN index file exist: false"},"pdata":{"id":"local.sunbird.portal","pid":"sunbird-portal-backend","ver":"4.10.0"},"timestamp":"2024-03-04 14:30:54"}
{"channel":"sunbird","env":"local.sunbird.portal","level":"info","message":{"msg":"CDN index file exist: false"},"pdata":{"id":"local.sunbird.portal","pid":"sunbird-portal-backend","ver":"4.10.0"},"timestamp":"2024-03-04 14:30:56"}
{"channel":"sunbird","env":"local.sunbird.portal","level":"info","message":{"msg":"CDN index file exist: false"},"pdata":{"id":"local.sunbird.portal","pid":"sunbird-portal-backend","ver":"4.10.0"},"timestamp":"2024-03-04 14:31:02"}
{"channel":"sunbird","env":"local.sunbird.portal","level":"info","message":{"msg":"CDN index file exist: false"},"pdata":{"id":"local.sunbird.portal","pid":"sunbird-portal-backend","ver":"4.10.0"},"timestamp":"2024-03-04 14:31:17"}
{"channel":"sunbird","env":"local.sunbird.portal","level":"info","message":{"msg":"CDN index file exist: false"},"pdata":{"id":"local.sunbird.portal","pid":"sunbird-portal-backend","ver":"4.10.0"},"timestamp":"2024-03-04 14:58:02"}
{"channel":"sunbird","env":"local.sunbird.portal","level":"info","message":{"method":"GET","msg":"Portal_API_WHITELIST_LOGGER: URL not whitelisted","reqOriginalUrl":"/vendor/bootstrap.min.css.map","reqPath":"/vendor/bootstrap.min.css.map","sessionRoles":"no roles in session"},"pdata":{"id":"local.sunbird.portal","pid":"sunbird-portal-backend","ver":"4.10.0"},"timestamp":"2024-03-04 14:58:08"}
{"channel":"sunbird","env":"local.sunbird.portal","level":"info","message":{"msg":"KONG_TOKEN bearer_token_logged_in :: token not requested due to flag set to undefined using default fallback token","originalUrl":"/contents?auth_callback=1&state=e52e8edf-d244-4267-8203-1dfec307aca5&session_state=274c649f-dd0b-46f7-a5d3-b2fb3e602059&code=cca3343c-4e27-4579-9dc7-358db6c42954.274c649f-dd0b-46f7-a5d3-b2fb3e602059.8c12290d-d62f-48ce-913b-c93bf995ca59","route":"/contents","sessionId":"vfKfFWRUbIcxt_BWmYGAQYukzuwUTTYe"},"pdata":{"id":"local.sunbird.portal","pid":"sunbird-portal-backend","ver":"4.10.0"},"timestamp":"2024-03-04 14:58:19"}
{"channel":"sunbird","env":"local.sunbird.portal","level":"info","message":{"msg":"KONG_TOKEN refresh_token :: token not requested due to flag set to undefined","originalUrl":"/contents?auth_callback=1&state=e52e8edf-d244-4267-8203-1dfec307aca5&session_state=274c649f-dd0b-46f7-a5d3-b2fb3e602059&code=cca3343c-4e27-4579-9dc7-358db6c42954.274c649f-dd0b-46f7-a5d3-b2fb3e602059.8c12290d-d62f-48ce-913b-c93bf995ca59","route":"/contents","sessionId":"vfKfFWRUbIcxt_BWmYGAQYukzuwUTTYe"},"pdata":{"id":"local.sunbird.portal","pid":"sunbird-portal-backend","ver":"4.10.0"},"timestamp":"2024-03-04 14:58:19"}
{"channel":"sunbird","env":"local.sunbird.portal","level":"info","message":{"msg":"getCurrentUserRoles :: Session data set success","session":{"orgs":["0130701891041689600"],"roles":["CONTENT_CREATOR","PUBLIC","ANONYMOUS"],"rootOrgId":"0130701891041689600","userId":"5d757783-a86a-40cd-a814-1b6a16d37cb6","userSid":"vfKfFWRUbIcxt_BWmYGAQYukzuwUTTYe"}},"pdata":{"id":"local.sunbird.portal","pid":"sunbird-portal-backend","ver":"4.10.0"},"timestamp":"2024-03-04 14:58:20"}
{"channel":"sunbird","env":"local.sunbird.portal","level":"info","message":{"msg":"keycloack authenticated successfully"},"pdata":{"id":"local.sunbird.portal","pid":"sunbird-portal-backend","ver":"4.10.0"},"timestamp":"2024-03-04 14:58:20"}
{"channel":"sunbird","env":"local.sunbird.portal","level":"info","message":{"additionalInfo":{"PORTAL_CDN_URL":"","cdnIndexFileExist":false},"msg":"cdn parameters:"},"pdata":{"id":"local.sunbird.portal","pid":"sunbird-portal-backend","ver":"4.10.0"},"timestamp":"2024-03-04 14:58:20"}
{"channel":"sunbird","env":"local.sunbird.portal","level":"info","message":{"additionalInfo":{"PORTAL_CDN_URL":"","cdnIndexFileExist":false},"msg":"cdn parameters:"},"pdata":{"id":"local.sunbird.portal","pid":"sunbird-portal-backend","ver":"4.10.0"},"timestamp":"2024-03-04 14:59:05"}
{"channel":"sunbird","env":"local.sunbird.portal","level":"info","message":{"msg":"CDN index file exist: false"},"pdata":{"id":"local.sunbird.portal","pid":"sunbird-portal-backend","ver":"4.10.0"},"timestamp":"2024-03-04 16:03:35"}
{"channel":"sunbird","env":"local.sunbird.portal","level":"info","message":{"msg":"CDN index file exist: false"},"pdata":{"id":"local.sunbird.portal","pid":"sunbird-portal-backend","ver":"4.10.0"},"timestamp":"2024-03-04 16:04:18"}
{"channel":"sunbird","env":"local.sunbird.portal","level":"info","message":{"msg":"CDN index file exist: false"},"pdata":{"id":"local.sunbird.portal","pid":"sunbird-portal-backend","ver":"4.10.0"},"timestamp":"2024-03-04 16:10:58"}
{"channel":"sunbird","env":"local.sunbird.portal","level":"info","message":{"msg":"CDN index file exist: false"},"pdata":{"id":"local.sunbird.portal","pid":"sunbird-portal-backend","ver":"4.10.0"},"timestamp":"2024-03-04 16:11:20"}
