{"channel":"sunbird","env":"local.sunbird.portal","level":"info","message":{"msg":"CDN index file exist: false"},"pdata":{"id":"local.sunbird.portal","pid":"sunbird-portal-backend","ver":"4.10.0"},"timestamp":"2024-02-26 12:04:17"}
{"channel":"sunbird","env":"local.sunbird.portal","level":"info","message":{"msg":"CDN index file exist: false"},"pdata":{"id":"local.sunbird.portal","pid":"sunbird-portal-backend","ver":"4.10.0"},"timestamp":"2024-02-26 12:06:08"}
{"channel":"sunbird","env":"local.sunbird.portal","level":"info","message":{"msg":"CDN index file exist: false"},"pdata":{"id":"local.sunbird.portal","pid":"sunbird-portal-backend","ver":"4.10.0"},"timestamp":"2024-02-26 12:35:39"}
{"channel":"sunbird","env":"local.sunbird.portal","level":"info","message":{"msg":"CDN index file exist: false"},"pdata":{"id":"local.sunbird.portal","pid":"sunbird-portal-backend","ver":"4.10.0"},"timestamp":"2024-02-26 12:35:50"}
{"channel":"sunbird","env":"local.sunbird.portal","level":"info","message":{"additionalInfo":{"PORTAL_CDN_URL":"","cdnIndexFileExist":false},"msg":"cdn parameters:"},"pdata":{"id":"local.sunbird.portal","pid":"sunbird-portal-backend","ver":"4.10.0"},"timestamp":"2024-02-26 12:43:31"}
{"channel":"sunbird","env":"local.sunbird.portal","level":"info","message":{"msg":"CDN index file exist: false"},"pdata":{"id":"local.sunbird.portal","pid":"sunbird-portal-backend","ver":"4.10.0"},"timestamp":"2024-02-26 12:44:38"}
{"channel":"sunbird","env":"local.sunbird.portal","level":"info","message":{"msg":"CDN index file exist: false"},"pdata":{"id":"local.sunbird.portal","pid":"sunbird-portal-backend","ver":"4.10.0"},"timestamp":"2024-02-26 12:44:50"}
{"channel":"sunbird","env":"local.sunbird.portal","level":"info","message":{"msg":"CDN index file exist: false"},"pdata":{"id":"local.sunbird.portal","pid":"sunbird-portal-backend","ver":"4.10.0"},"timestamp":"2024-02-26 12:45:18"}
{"channel":"sunbird","env":"local.sunbird.portal","level":"info","message":{"msg":"CDN index file exist: false"},"pdata":{"id":"local.sunbird.portal","pid":"sunbird-portal-backend","ver":"4.10.0"},"timestamp":"2024-02-26 12:45:20"}
{"channel":"sunbird","env":"local.sunbird.portal","level":"info","message":{"msg":"CDN index file exist: false"},"pdata":{"id":"local.sunbird.portal","pid":"sunbird-portal-backend","ver":"4.10.0"},"timestamp":"2024-02-26 12:47:17"}
{"channel":"sunbird","env":"local.sunbird.portal","level":"info","message":{"method":"GET","msg":"Portal_API_WHITELIST_LOGGER: URL not whitelisted","reqOriginalUrl":"//votingTool/newRegistrations?voting_date=2024-02-13%2000:00","reqPath":"//votingTool/newRegistrations","sessionRoles":"no roles in session"},"pdata":{"id":"local.sunbird.portal","pid":"sunbird-portal-backend","ver":"4.10.0"},"timestamp":"2024-02-26 12:49:13"}
{"channel":"sunbird","env":"local.sunbird.portal","level":"info","message":{"msg":"CDN index file exist: false"},"pdata":{"id":"local.sunbird.portal","pid":"sunbird-portal-backend","ver":"4.10.0"},"timestamp":"2024-02-26 12:54:03"}
{"channel":"sunbird","env":"local.sunbird.portal","level":"info","message":{"msg":"CDN index file exist: false"},"pdata":{"id":"local.sunbird.portal","pid":"sunbird-portal-backend","ver":"4.10.0"},"timestamp":"2024-02-26 12:54:18"}
{"channel":"sunbird","env":"local.sunbird.portal","level":"info","message":{"method":"GET","msg":"Portal_API_WHITELIST_LOGGER: URL not whitelisted","reqOriginalUrl":"//votingTool/newRegistrationsCount?voting_date=2024-02-13%2000:00","reqPath":"//votingTool/newRegistrationsCount","sessionRoles":"no roles in session"},"pdata":{"id":"local.sunbird.portal","pid":"sunbird-portal-backend","ver":"4.10.0"},"timestamp":"2024-02-26 12:54:29"}
{"channel":"sunbird","env":"local.sunbird.portal","level":"info","message":{"msg":"CDN index file exist: false"},"pdata":{"id":"local.sunbird.portal","pid":"sunbird-portal-backend","ver":"4.10.0"},"timestamp":"2024-02-26 12:54:50"}
{"channel":"sunbird","env":"local.sunbird.portal","level":"info","message":{"method":"GET","msg":"Portal_API_WHITELIST_LOGGER: URL not whitelisted","reqOriginalUrl":"//votingTool/newRegistrationsCount?voting_date=2024-02-13%2000:00","reqPath":"//votingTool/newRegistrationsCount","sessionRoles":"no roles in session"},"pdata":{"id":"local.sunbird.portal","pid":"sunbird-portal-backend","ver":"4.10.0"},"timestamp":"2024-02-26 12:54:52"}
{"channel":"sunbird","env":"local.sunbird.portal","level":"info","message":{"method":"GET","msg":"Portal_API_WHITELIST_LOGGER: URL not whitelisted","reqOriginalUrl":"//votingTool/newRegistrationsCount","reqPath":"//votingTool/newRegistrationsCount","sessionRoles":"no roles in session"},"pdata":{"id":"local.sunbird.portal","pid":"sunbird-portal-backend","ver":"4.10.0"},"timestamp":"2024-02-26 12:55:30"}
{"channel":"sunbird","env":"local.sunbird.portal","level":"info","message":{"msg":"CDN index file exist: false"},"pdata":{"id":"local.sunbird.portal","pid":"sunbird-portal-backend","ver":"4.10.0"},"timestamp":"2024-02-26 12:58:54"}
{"channel":"sunbird","env":"local.sunbird.portal","level":"info","message":{"msg":"CDN index file exist: false"},"pdata":{"id":"local.sunbird.portal","pid":"sunbird-portal-backend","ver":"4.10.0"},"timestamp":"2024-02-26 21:00:51"}
{"channel":"sunbird","env":"local.sunbird.portal","level":"info","message":{"msg":"CDN index file exist: false"},"pdata":{"id":"local.sunbird.portal","pid":"sunbird-portal-backend","ver":"4.10.0"},"timestamp":"2024-02-26 21:01:19"}
{"channel":"sunbird","env":"local.sunbird.portal","level":"info","message":{"msg":"CDN index file exist: false"},"pdata":{"id":"local.sunbird.portal","pid":"sunbird-portal-backend","ver":"4.10.0"},"timestamp":"2024-02-26 21:01:37"}
{"channel":"sunbird","env":"local.sunbird.portal","level":"info","message":{"msg":"CDN index file exist: false"},"pdata":{"id":"local.sunbird.portal","pid":"sunbird-portal-backend","ver":"4.10.0"},"timestamp":"2024-02-26 21:01:56"}
{"channel":"sunbird","env":"local.sunbird.portal","level":"info","message":{"msg":"CDN index file exist: false"},"pdata":{"id":"local.sunbird.portal","pid":"sunbird-portal-backend","ver":"4.10.0"},"timestamp":"2024-02-26 21:02:39"}
{"channel":"sunbird","env":"local.sunbird.portal","level":"info","message":{"msg":"CDN index file exist: false"},"pdata":{"id":"local.sunbird.portal","pid":"sunbird-portal-backend","ver":"4.10.0"},"timestamp":"2024-02-26 21:03:12"}
{"channel":"sunbird","env":"local.sunbird.portal","level":"info","message":{"msg":"CDN index file exist: false"},"pdata":{"id":"local.sunbird.portal","pid":"sunbird-portal-backend","ver":"4.10.0"},"timestamp":"2024-02-26 21:03:18"}
{"channel":"sunbird","env":"local.sunbird.portal","level":"info","message":{"msg":"CDN index file exist: false"},"pdata":{"id":"local.sunbird.portal","pid":"sunbird-portal-backend","ver":"4.10.0"},"timestamp":"2024-02-26 21:03:56"}
{"channel":"sunbird","env":"local.sunbird.portal","level":"info","message":{"msg":"CDN index file exist: false"},"pdata":{"id":"local.sunbird.portal","pid":"sunbird-portal-backend","ver":"4.10.0"},"timestamp":"2024-02-26 21:04:07"}
{"channel":"sunbird","env":"local.sunbird.portal","level":"info","message":{"msg":"CDN index file exist: false"},"pdata":{"id":"local.sunbird.portal","pid":"sunbird-portal-backend","ver":"4.10.0"},"timestamp":"2024-02-26 21:04:15"}
{"channel":"sunbird","env":"local.sunbird.portal","level":"info","message":{"msg":"CDN index file exist: false"},"pdata":{"id":"local.sunbird.portal","pid":"sunbird-portal-backend","ver":"4.10.0"},"timestamp":"2024-02-26 21:04:20"}
{"channel":"sunbird","env":"local.sunbird.portal","level":"info","message":{"msg":"CDN index file exist: false"},"pdata":{"id":"local.sunbird.portal","pid":"sunbird-portal-backend","ver":"4.10.0"},"timestamp":"2024-02-26 21:15:42"}
{"channel":"sunbird","env":"local.sunbird.portal","level":"info","message":{"msg":"CDN index file exist: false"},"pdata":{"id":"local.sunbird.portal","pid":"sunbird-portal-backend","ver":"4.10.0"},"timestamp":"2024-02-26 21:16:22"}
{"channel":"sunbird","env":"local.sunbird.portal","level":"info","message":{"msg":"CDN index file exist: false"},"pdata":{"id":"local.sunbird.portal","pid":"sunbird-portal-backend","ver":"4.10.0"},"timestamp":"2024-02-26 21:19:33"}
{"channel":"sunbird","env":"local.sunbird.portal","level":"info","message":{"msg":"CDN index file exist: false"},"pdata":{"id":"local.sunbird.portal","pid":"sunbird-portal-backend","ver":"4.10.0"},"timestamp":"2024-02-26 21:20:02"}
{"channel":"sunbird","env":"local.sunbird.portal","level":"info","message":{"msg":"CDN index file exist: false"},"pdata":{"id":"local.sunbird.portal","pid":"sunbird-portal-backend","ver":"4.10.0"},"timestamp":"2024-02-26 21:20:23"}
{"channel":"sunbird","env":"local.sunbird.portal","level":"info","message":{"msg":"CDN index file exist: false"},"pdata":{"id":"local.sunbird.portal","pid":"sunbird-portal-backend","ver":"4.10.0"},"timestamp":"2024-02-26 21:22:59"}
{"channel":"sunbird","env":"local.sunbird.portal","level":"info","message":{"msg":"CDN index file exist: false"},"pdata":{"id":"local.sunbird.portal","pid":"sunbird-portal-backend","ver":"4.10.0"},"timestamp":"2024-02-26 21:24:02"}
{"channel":"sunbird","env":"local.sunbird.portal","level":"info","message":{"msg":"CDN index file exist: false"},"pdata":{"id":"local.sunbird.portal","pid":"sunbird-portal-backend","ver":"4.10.0"},"timestamp":"2024-02-26 21:24:10"}
{"channel":"sunbird","env":"local.sunbird.portal","level":"info","message":{"msg":"CDN index file exist: false"},"pdata":{"id":"local.sunbird.portal","pid":"sunbird-portal-backend","ver":"4.10.0"},"timestamp":"2024-02-26 21:29:49"}
{"channel":"sunbird","env":"local.sunbird.portal","level":"info","message":{"msg":"CDN index file exist: false"},"pdata":{"id":"local.sunbird.portal","pid":"sunbird-portal-backend","ver":"4.10.0"},"timestamp":"2024-02-26 21:30:09"}
{"channel":"sunbird","env":"local.sunbird.portal","level":"info","message":{"msg":"CDN index file exist: false"},"pdata":{"id":"local.sunbird.portal","pid":"sunbird-portal-backend","ver":"4.10.0"},"timestamp":"2024-02-26 22:19:34"}
{"channel":"sunbird","env":"local.sunbird.portal","level":"info","message":{"msg":"CDN index file exist: false"},"pdata":{"id":"local.sunbird.portal","pid":"sunbird-portal-backend","ver":"4.10.0"},"timestamp":"2024-02-26 22:19:46"}
{"channel":"sunbird","env":"local.sunbird.portal","level":"info","message":{"msg":"CDN index file exist: false"},"pdata":{"id":"local.sunbird.portal","pid":"sunbird-portal-backend","ver":"4.10.0"},"timestamp":"2024-02-26 22:21:26"}
{"channel":"sunbird","env":"local.sunbird.portal","level":"info","message":{"msg":"CDN index file exist: false"},"pdata":{"id":"local.sunbird.portal","pid":"sunbird-portal-backend","ver":"4.10.0"},"timestamp":"2024-02-26 22:27:55"}
{"channel":"sunbird","env":"local.sunbird.portal","level":"info","message":{"msg":"CDN index file exist: false"},"pdata":{"id":"local.sunbird.portal","pid":"sunbird-portal-backend","ver":"4.10.0"},"timestamp":"2024-02-26 22:28:51"}
{"channel":"sunbird","env":"local.sunbird.portal","level":"info","message":{"msg":"CDN index file exist: false"},"pdata":{"id":"local.sunbird.portal","pid":"sunbird-portal-backend","ver":"4.10.0"},"timestamp":"2024-02-26 22:29:14"}
{"channel":"sunbird","env":"local.sunbird.portal","level":"info","message":{"msg":"CDN index file exist: false"},"pdata":{"id":"local.sunbird.portal","pid":"sunbird-portal-backend","ver":"4.10.0"},"timestamp":"2024-02-26 22:29:16"}
{"channel":"sunbird","env":"local.sunbird.portal","level":"info","message":{"msg":"CDN index file exist: false"},"pdata":{"id":"local.sunbird.portal","pid":"sunbird-portal-backend","ver":"4.10.0"},"timestamp":"2024-02-26 22:29:38"}
{"channel":"sunbird","env":"local.sunbird.portal","level":"info","message":{"msg":"CDN index file exist: false"},"pdata":{"id":"local.sunbird.portal","pid":"sunbird-portal-backend","ver":"4.10.0"},"timestamp":"2024-02-26 22:29:59"}
{"channel":"sunbird","env":"local.sunbird.portal","level":"info","message":{"msg":"CDN index file exist: false"},"pdata":{"id":"local.sunbird.portal","pid":"sunbird-portal-backend","ver":"4.10.0"},"timestamp":"2024-02-26 22:30:50"}
{"channel":"sunbird","env":"local.sunbird.portal","level":"info","message":{"msg":"CDN index file exist: false"},"pdata":{"id":"local.sunbird.portal","pid":"sunbird-portal-backend","ver":"4.10.0"},"timestamp":"2024-02-26 22:32:26"}
{"channel":"sunbird","env":"local.sunbird.portal","level":"info","message":{"msg":"CDN index file exist: false"},"pdata":{"id":"local.sunbird.portal","pid":"sunbird-portal-backend","ver":"4.10.0"},"timestamp":"2024-02-26 22:36:56"}
{"channel":"sunbird","env":"local.sunbird.portal","level":"info","message":{"msg":"CDN index file exist: false"},"pdata":{"id":"local.sunbird.portal","pid":"sunbird-portal-backend","ver":"4.10.0"},"timestamp":"2024-02-26 22:36:59"}
{"channel":"sunbird","env":"local.sunbird.portal","level":"info","message":{"msg":"CDN index file exist: false"},"pdata":{"id":"local.sunbird.portal","pid":"sunbird-portal-backend","ver":"4.10.0"},"timestamp":"2024-02-26 22:38:39"}
{"channel":"sunbird","env":"local.sunbird.portal","level":"info","message":{"msg":"CDN index file exist: false"},"pdata":{"id":"local.sunbird.portal","pid":"sunbird-portal-backend","ver":"4.10.0"},"timestamp":"2024-02-26 22:38:52"}
{"channel":"sunbird","env":"local.sunbird.portal","level":"info","message":{"msg":"CDN index file exist: false"},"pdata":{"id":"local.sunbird.portal","pid":"sunbird-portal-backend","ver":"4.10.0"},"timestamp":"2024-02-26 22:39:02"}
{"channel":"sunbird","env":"local.sunbird.portal","level":"info","message":{"msg":"CDN index file exist: false"},"pdata":{"id":"local.sunbird.portal","pid":"sunbird-portal-backend","ver":"4.10.0"},"timestamp":"2024-02-26 22:39:09"}
{"channel":"sunbird","env":"local.sunbird.portal","level":"info","message":{"msg":"CDN index file exist: false"},"pdata":{"id":"local.sunbird.portal","pid":"sunbird-portal-backend","ver":"4.10.0"},"timestamp":"2024-02-26 22:39:18"}
{"channel":"sunbird","env":"local.sunbird.portal","level":"info","message":{"msg":"CDN index file exist: false"},"pdata":{"id":"local.sunbird.portal","pid":"sunbird-portal-backend","ver":"4.10.0"},"timestamp":"2024-02-26 22:46:41"}
{"channel":"sunbird","env":"local.sunbird.portal","level":"info","message":{"msg":"CDN index file exist: false"},"pdata":{"id":"local.sunbird.portal","pid":"sunbird-portal-backend","ver":"4.10.0"},"timestamp":"2024-02-26 22:46:43"}
{"channel":"sunbird","env":"local.sunbird.portal","level":"info","message":{"msg":"CDN index file exist: false"},"pdata":{"id":"local.sunbird.portal","pid":"sunbird-portal-backend","ver":"4.10.0"},"timestamp":"2024-02-26 22:46:49"}
{"channel":"sunbird","env":"local.sunbird.portal","level":"info","message":{"msg":"CDN index file exist: false"},"pdata":{"id":"local.sunbird.portal","pid":"sunbird-portal-backend","ver":"4.10.0"},"timestamp":"2024-02-26 22:47:58"}
{"channel":"sunbird","env":"local.sunbird.portal","level":"info","message":{"msg":"CDN index file exist: false"},"pdata":{"id":"local.sunbird.portal","pid":"sunbird-portal-backend","ver":"4.10.0"},"timestamp":"2024-02-26 22:49:12"}
{"channel":"sunbird","env":"local.sunbird.portal","level":"info","message":{"msg":"CDN index file exist: false"},"pdata":{"id":"local.sunbird.portal","pid":"sunbird-portal-backend","ver":"4.10.0"},"timestamp":"2024-02-26 22:50:11"}
